{"/Users/carlosatta/Documents/lavoro/inebrio/routerly.ai/code/packages/dashboard/src/pages/project/ProjectTestTab.tsx": {"path":"/Users/carlosatta/Documents/lavoro/inebrio/routerly.ai/code/packages/dashboard/src/pages/project/ProjectTestTab.tsx","statementMap":{"0":{"start":{"line":16,"column":10},"end":{"line":16,"column":null}},"1":{"start":{"line":17,"column":17},"end":{"line":17,"column":null}},"2":{"start":{"line":18,"column":16},"end":{"line":18,"column":null}},"3":{"start":{"line":19,"column":19},"end":{"line":21,"column":null}},"4":{"start":{"line":22,"column":18},"end":{"line":22,"column":null}},"5":{"start":{"line":23,"column":16},"end":{"line":23,"column":null}},"6":{"start":{"line":25,"column":24},"end":{"line":25,"column":null}},"7":{"start":{"line":26,"column":8},"end":{"line":26,"column":null}},"8":{"start":{"line":28,"column":18},"end":{"line":28,"column":null}},"9":{"start":{"line":30,"column":28},"end":{"line":30,"column":null}},"10":{"start":{"line":32,"column":8},"end":{"line":32,"column":null}},"11":{"start":{"line":34,"column":8},"end":{"line":34,"column":null}},"12":{"start":{"line":35,"column":8},"end":{"line":35,"column":null}},"13":{"start":{"line":36,"column":8},"end":{"line":36,"column":null}},"14":{"start":{"line":37,"column":8},"end":{"line":37,"column":null}},"15":{"start":{"line":38,"column":8},"end":{"line":38,"column":null}},"16":{"start":{"line":41,"column":8},"end":{"line":44,"column":null}},"17":{"start":{"line":42,"column":4},"end":{"line":44,"column":7}},"18":{"start":{"line":43,"column":7},"end":{"line":43,"column":null}},"19":{"start":{"line":43,"column":35},"end":{"line":43,"column":63}},"20":{"start":{"line":46,"column":8},"end":{"line":49,"column":null}},"21":{"start":{"line":47,"column":4},"end":{"line":49,"column":7}},"22":{"start":{"line":48,"column":7},"end":{"line":48,"column":null}},"23":{"start":{"line":48,"column":35},"end":{"line":48,"column":64}},"24":{"start":{"line":51,"column":8},"end":{"line":54,"column":null}},"25":{"start":{"line":52,"column":4},"end":{"line":54,"column":7}},"26":{"start":{"line":53,"column":7},"end":{"line":53,"column":null}},"27":{"start":{"line":53,"column":35},"end":{"line":53,"column":56}},"28":{"start":{"line":56,"column":8},"end":{"line":59,"column":null}},"29":{"start":{"line":57,"column":4},"end":{"line":59,"column":7}},"30":{"start":{"line":58,"column":7},"end":{"line":58,"column":null}},"31":{"start":{"line":58,"column":35},"end":{"line":58,"column":57}},"32":{"start":{"line":61,"column":2},"end":{"line":63,"column":null}},"33":{"start":{"line":62,"column":4},"end":{"line":62,"column":null}},"34":{"start":{"line":65,"column":2},"end":{"line":67,"column":null}},"35":{"start":{"line":66,"column":4},"end":{"line":66,"column":null}},"36":{"start":{"line":69,"column":2},"end":{"line":71,"column":null}},"37":{"start":{"line":70,"column":4},"end":{"line":70,"column":null}},"38":{"start":{"line":73,"column":2},"end":{"line":75,"column":null}},"39":{"start":{"line":74,"column":4},"end":{"line":74,"column":null}},"40":{"start":{"line":77,"column":2},"end":{"line":79,"column":null}},"41":{"start":{"line":78,"column":4},"end":{"line":78,"column":null}},"42":{"start":{"line":83,"column":8},"end":{"line":87,"column":null}},"43":{"start":{"line":84,"column":4},"end":{"line":84,"column":null}},"44":{"start":{"line":84,"column":37},"end":{"line":84,"column":null}},"45":{"start":{"line":85,"column":20},"end":{"line":85,"column":null}},"46":{"start":{"line":86,"column":4},"end":{"line":86,"column":null}},"47":{"start":{"line":86,"column":36},"end":{"line":86,"column":62}},"48":{"start":{"line":90,"column":4},"end":{"line":90,"column":null}},"49":{"start":{"line":90,"column":54},"end":{"line":90,"column":null}},"50":{"start":{"line":95,"column":27},"end":{"line":95,"column":null}},"51":{"start":{"line":96,"column":4},"end":{"line":101,"column":null}},"52":{"start":{"line":97,"column":6},"end":{"line":100,"column":null}},"53":{"start":{"line":103,"column":28},"end":{"line":103,"column":null}},"54":{"start":{"line":104,"column":24},"end":{"line":104,"column":null}},"55":{"start":{"line":105,"column":4},"end":{"line":105,"column":null}},"56":{"start":{"line":106,"column":4},"end":{"line":106,"column":null}},"57":{"start":{"line":107,"column":4},"end":{"line":107,"column":null}},"58":{"start":{"line":108,"column":4},"end":{"line":108,"column":null}},"59":{"start":{"line":109,"column":4},"end":{"line":109,"column":null}},"60":{"start":{"line":111,"column":23},"end":{"line":111,"column":null}},"61":{"start":{"line":112,"column":4},"end":{"line":112,"column":null}},"62":{"start":{"line":114,"column":20},"end":{"line":118,"column":null}},"63":{"start":{"line":120,"column":22},"end":{"line":120,"column":null}},"64":{"start":{"line":122,"column":4},"end":{"line":122,"column":null}},"65":{"start":{"line":122,"column":33},"end":{"line":122,"column":46}},"66":{"start":{"line":124,"column":4},"end":{"line":249,"column":null}},"67":{"start":{"line":125,"column":17},"end":{"line":125,"column":null}},"68":{"start":{"line":126,"column":6},"end":{"line":126,"column":null}},"69":{"start":{"line":129,"column":23},"end":{"line":129,"column":null}},"70":{"start":{"line":131,"column":18},"end":{"line":139,"column":null}},"71":{"start":{"line":141,"column":6},"end":{"line":143,"column":null}},"72":{"start":{"line":142,"column":8},"end":{"line":142,"column":null}},"73":{"start":{"line":145,"column":6},"end":{"line":145,"column":null}},"74":{"start":{"line":145,"column":21},"end":{"line":145,"column":null}},"75":{"start":{"line":147,"column":21},"end":{"line":147,"column":null}},"76":{"start":{"line":148,"column":22},"end":{"line":148,"column":null}},"77":{"start":{"line":149,"column":17},"end":{"line":149,"column":null}},"78":{"start":{"line":150,"column":25},"end":{"line":150,"column":null}},"79":{"start":{"line":151,"column":26},"end":{"line":151,"column":null}},"80":{"start":{"line":152,"column":22},"end":{"line":152,"column":null}},"81":{"start":{"line":153,"column":34},"end":{"line":153,"column":null}},"82":{"start":{"line":155,"column":6},"end":{"line":238,"column":null}},"83":{"start":{"line":156,"column":44},"end":{"line":156,"column":null}},"84":{"start":{"line":157,"column":8},"end":{"line":157,"column":null}},"85":{"start":{"line":158,"column":8},"end":{"line":237,"column":null}},"86":{"start":{"line":159,"column":27},"end":{"line":159,"column":null}},"87":{"start":{"line":160,"column":24},"end":{"line":160,"column":null}},"88":{"start":{"line":161,"column":10},"end":{"line":236,"column":null}},"89":{"start":{"line":162,"column":12},"end":{"line":235,"column":null}},"90":{"start":{"line":163,"column":30},"end":{"line":163,"column":null}},"91":{"start":{"line":164,"column":14},"end":{"line":164,"column":null}},"92":{"start":{"line":164,"column":40},"end":{"line":164,"column":null}},"93":{"start":{"line":165,"column":14},"end":{"line":234,"column":null}},"94":{"start":{"line":166,"column":16},"end":{"line":232,"column":null}},"95":{"start":{"line":167,"column":31},"end":{"line":167,"column":null}},"96":{"start":{"line":170,"column":18},"end":{"line":178,"column":null}},"97":{"start":{"line":171,"column":20},"end":{"line":176,"column":null}},"98":{"start":{"line":172,"column":38},"end":{"line":172,"column":null}},"99":{"start":{"line":173,"column":38},"end":{"line":173,"column":null}},"100":{"start":{"line":174,"column":22},"end":{"line":174,"column":null}},"101":{"start":{"line":175,"column":22},"end":{"line":175,"column":null}},"102":{"start":{"line":177,"column":20},"end":{"line":177,"column":null}},"103":{"start":{"line":181,"column":18},"end":{"line":183,"column":null}},"104":{"start":{"line":182,"column":20},"end":{"line":182,"column":null}},"105":{"start":{"line":186,"column":18},"end":{"line":188,"column":null}},"106":{"start":{"line":187,"column":20},"end":{"line":187,"column":null}},"107":{"start":{"line":191,"column":18},"end":{"line":191,"column":null}},"108":{"start":{"line":191,"column":48},"end":{"line":191,"column":null}},"109":{"start":{"line":194,"column":60},"end":{"line":194,"column":null}},"110":{"start":{"line":195,"column":18},"end":{"line":208,"column":null}},"111":{"start":{"line":196,"column":20},"end":{"line":199,"column":null}},"112":{"start":{"line":197,"column":22},"end":{"line":197,"column":null}},"113":{"start":{"line":197,"column":42},"end":{"line":197,"column":119}},"114":{"start":{"line":198,"column":22},"end":{"line":198,"column":null}},"115":{"start":{"line":200,"column":20},"end":{"line":200,"column":null}},"116":{"start":{"line":201,"column":20},"end":{"line":206,"column":null}},"117":{"start":{"line":202,"column":38},"end":{"line":202,"column":null}},"118":{"start":{"line":203,"column":35},"end":{"line":203,"column":null}},"119":{"start":{"line":204,"column":22},"end":{"line":204,"column":null}},"120":{"start":{"line":205,"column":22},"end":{"line":205,"column":null}},"121":{"start":{"line":207,"column":20},"end":{"line":207,"column":null}},"122":{"start":{"line":211,"column":47},"end":{"line":211,"column":null}},"123":{"start":{"line":212,"column":18},"end":{"line":225,"column":null}},"124":{"start":{"line":213,"column":20},"end":{"line":217,"column":null}},"125":{"start":{"line":214,"column":36},"end":{"line":214,"column":null}},"126":{"start":{"line":215,"column":22},"end":{"line":215,"column":null}},"127":{"start":{"line":215,"column":42},"end":{"line":215,"column":115}},"128":{"start":{"line":216,"column":22},"end":{"line":216,"column":null}},"129":{"start":{"line":218,"column":20},"end":{"line":218,"column":null}},"130":{"start":{"line":219,"column":20},"end":{"line":224,"column":null}},"131":{"start":{"line":220,"column":38},"end":{"line":220,"column":null}},"132":{"start":{"line":221,"column":35},"end":{"line":221,"column":null}},"133":{"start":{"line":222,"column":22},"end":{"line":222,"column":null}},"134":{"start":{"line":223,"column":22},"end":{"line":223,"column":null}},"135":{"start":{"line":241,"column":6},"end":{"line":245,"column":null}},"136":{"start":{"line":244,"column":8},"end":{"line":244,"column":null}},"137":{"start":{"line":247,"column":6},"end":{"line":247,"column":null}},"138":{"start":{"line":248,"column":6},"end":{"line":248,"column":null}},"139":{"start":{"line":253,"column":4},"end":{"line":253,"column":null}},"140":{"start":{"line":257,"column":17},"end":{"line":257,"column":null}},"141":{"start":{"line":258,"column":4},"end":{"line":258,"column":null}},"142":{"start":{"line":258,"column":15},"end":{"line":258,"column":null}},"143":{"start":{"line":260,"column":4},"end":{"line":263,"column":null}},"144":{"start":{"line":261,"column":6},"end":{"line":261,"column":null}},"145":{"start":{"line":262,"column":6},"end":{"line":262,"column":null}},"146":{"start":{"line":265,"column":19},"end":{"line":265,"column":null}},"147":{"start":{"line":266,"column":4},"end":{"line":268,"column":null}},"148":{"start":{"line":267,"column":6},"end":{"line":267,"column":null}},"149":{"start":{"line":269,"column":4},"end":{"line":269,"column":null}},"150":{"start":{"line":275,"column":2},"end":{"line":275,"column":null}},"151":{"start":{"line":275,"column":16},"end":{"line":275,"column":null}},"152":{"start":{"line":277,"column":2},"end":{"line":607,"column":null}},"153":{"start":{"line":299,"column":35},"end":{"line":299,"column":null}},"154":{"start":{"line":304,"column":33},"end":{"line":304,"column":null}},"155":{"start":{"line":345,"column":33},"end":{"line":345,"column":52}},"156":{"start":{"line":346,"column":14},"end":{"line":415,"column":null}},"157":{"start":{"line":398,"column":26},"end":{"line":401,"column":null}},"158":{"start":{"line":443,"column":33},"end":{"line":443,"column":null}},"159":{"start":{"line":458,"column":77},"end":{"line":458,"column":null}},"160":{"start":{"line":467,"column":31},"end":{"line":467,"column":null}},"161":{"start":{"line":469,"column":16},"end":{"line":472,"column":null}},"162":{"start":{"line":470,"column":18},"end":{"line":470,"column":null}},"163":{"start":{"line":471,"column":18},"end":{"line":471,"column":null}},"164":{"start":{"line":496,"column":31},"end":{"line":496,"column":57}},"165":{"start":{"line":516,"column":16},"end":{"line":519,"column":null}},"166":{"start":{"line":518,"column":55},"end":{"line":518,"column":95}},"167":{"start":{"line":534,"column":16},"end":{"line":537,"column":null}},"168":{"start":{"line":536,"column":55},"end":{"line":536,"column":95}},"169":{"start":{"line":552,"column":16},"end":{"line":556,"column":null}},"170":{"start":{"line":555,"column":55},"end":{"line":555,"column":95}},"171":{"start":{"line":571,"column":16},"end":{"line":598,"column":null}},"172":{"start":{"line":575,"column":36},"end":{"line":575,"column":null}},"173":{"start":{"line":576,"column":39},"end":{"line":576,"column":null}},"174":{"start":{"line":577,"column":39},"end":{"line":577,"column":null}},"175":{"start":{"line":578,"column":20},"end":{"line":595,"column":null}}},"fnMap":{"0":{"name":"ProjectTestTab","decl":{"start":{"line":15,"column":16},"end":{"line":15,"column":33}},"loc":{"start":{"line":15,"column":33},"end":{"line":609,"column":null}},"line":15},"1":{"name":"(anonymous_1)","decl":{"start":{"line":41,"column":31},"end":{"line":41,"column":null}},"loc":{"start":{"line":42,"column":4},"end":{"line":44,"column":7}},"line":42},"2":{"name":"(anonymous_2)","decl":{"start":{"line":42,"column":22},"end":{"line":42,"column":26}},"loc":{"start":{"line":43,"column":7},"end":{"line":43,"column":null}},"line":43},"3":{"name":"(anonymous_3)","decl":{"start":{"line":43,"column":23},"end":{"line":43,"column":30}},"loc":{"start":{"line":43,"column":35},"end":{"line":43,"column":63}},"line":43},"4":{"name":"(anonymous_4)","decl":{"start":{"line":46,"column":32},"end":{"line":46,"column":null}},"loc":{"start":{"line":47,"column":4},"end":{"line":49,"column":7}},"line":47},"5":{"name":"(anonymous_5)","decl":{"start":{"line":47,"column":22},"end":{"line":47,"column":26}},"loc":{"start":{"line":48,"column":7},"end":{"line":48,"column":null}},"line":48},"6":{"name":"(anonymous_6)","decl":{"start":{"line":48,"column":23},"end":{"line":48,"column":30}},"loc":{"start":{"line":48,"column":35},"end":{"line":48,"column":64}},"line":48},"7":{"name":"(anonymous_7)","decl":{"start":{"line":51,"column":25},"end":{"line":51,"column":null}},"loc":{"start":{"line":52,"column":4},"end":{"line":54,"column":7}},"line":52},"8":{"name":"(anonymous_8)","decl":{"start":{"line":52,"column":22},"end":{"line":52,"column":26}},"loc":{"start":{"line":53,"column":7},"end":{"line":53,"column":null}},"line":53},"9":{"name":"(anonymous_9)","decl":{"start":{"line":53,"column":23},"end":{"line":53,"column":30}},"loc":{"start":{"line":53,"column":35},"end":{"line":53,"column":56}},"line":53},"10":{"name":"(anonymous_10)","decl":{"start":{"line":56,"column":26},"end":{"line":56,"column":null}},"loc":{"start":{"line":57,"column":4},"end":{"line":59,"column":7}},"line":57},"11":{"name":"(anonymous_11)","decl":{"start":{"line":57,"column":22},"end":{"line":57,"column":26}},"loc":{"start":{"line":58,"column":7},"end":{"line":58,"column":null}},"line":58},"12":{"name":"(anonymous_12)","decl":{"start":{"line":58,"column":23},"end":{"line":58,"column":30}},"loc":{"start":{"line":58,"column":35},"end":{"line":58,"column":57}},"line":58},"13":{"name":"(anonymous_13)","decl":{"start":{"line":61,"column":2},"end":{"line":61,"column":18}},"loc":{"start":{"line":61,"column":18},"end":{"line":63,"column":5}},"line":61},"14":{"name":"(anonymous_14)","decl":{"start":{"line":65,"column":2},"end":{"line":65,"column":18}},"loc":{"start":{"line":65,"column":18},"end":{"line":67,"column":5}},"line":65},"15":{"name":"(anonymous_15)","decl":{"start":{"line":69,"column":2},"end":{"line":69,"column":18}},"loc":{"start":{"line":69,"column":18},"end":{"line":71,"column":5}},"line":69},"16":{"name":"(anonymous_16)","decl":{"start":{"line":73,"column":2},"end":{"line":73,"column":18}},"loc":{"start":{"line":73,"column":18},"end":{"line":75,"column":5}},"line":73},"17":{"name":"(anonymous_17)","decl":{"start":{"line":77,"column":2},"end":{"line":77,"column":18}},"loc":{"start":{"line":77,"column":18},"end":{"line":79,"column":5}},"line":77},"18":{"name":"(anonymous_18)","decl":{"start":{"line":83,"column":23},"end":{"line":83,"column":37}},"loc":{"start":{"line":83,"column":37},"end":{"line":87,"column":5}},"line":83},"19":{"name":"(anonymous_19)","decl":{"start":{"line":86,"column":26},"end":{"line":86,"column":31}},"loc":{"start":{"line":86,"column":36},"end":{"line":86,"column":62}},"line":86},"20":{"name":"handleSend","decl":{"start":{"line":89,"column":17},"end":{"line":89,"column":30}},"loc":{"start":{"line":89,"column":30},"end":{"line":250,"column":null}},"line":89},"21":{"name":"(anonymous_21)","decl":{"start":{"line":122,"column":4},"end":{"line":122,"column":25}},"loc":{"start":{"line":122,"column":33},"end":{"line":122,"column":46}},"line":122},"22":{"name":"(anonymous_22)","decl":{"start":{"line":171,"column":20},"end":{"line":171,"column":41}},"loc":{"start":{"line":171,"column":49},"end":{"line":176,"column":21}},"line":171},"23":{"name":"(anonymous_23)","decl":{"start":{"line":197,"column":22},"end":{"line":197,"column":34}},"loc":{"start":{"line":197,"column":42},"end":{"line":197,"column":119}},"line":197},"24":{"name":"(anonymous_24)","decl":{"start":{"line":201,"column":20},"end":{"line":201,"column":32}},"loc":{"start":{"line":201,"column":40},"end":{"line":206,"column":21}},"line":201},"25":{"name":"(anonymous_25)","decl":{"start":{"line":215,"column":22},"end":{"line":215,"column":34}},"loc":{"start":{"line":215,"column":42},"end":{"line":215,"column":115}},"line":215},"26":{"name":"(anonymous_26)","decl":{"start":{"line":219,"column":20},"end":{"line":219,"column":32}},"loc":{"start":{"line":219,"column":40},"end":{"line":224,"column":21}},"line":219},"27":{"name":"handleStop","decl":{"start":{"line":252,"column":11},"end":{"line":252,"column":24}},"loc":{"start":{"line":252,"column":24},"end":{"line":254,"column":null}},"line":252},"28":{"name":"handleFileAttach","decl":{"start":{"line":256,"column":11},"end":{"line":256,"column":28}},"loc":{"start":{"line":256,"column":68},"end":{"line":273,"column":null}},"line":256},"29":{"name":"(anonymous_29)","decl":{"start":{"line":266,"column":11},"end":{"line":266,"column":21}},"loc":{"start":{"line":266,"column":31},"end":{"line":268,"column":null}},"line":266},"30":{"name":"(anonymous_30)","decl":{"start":{"line":299,"column":18},"end":{"line":299,"column":29}},"loc":{"start":{"line":299,"column":35},"end":{"line":299,"column":null}},"line":299},"31":{"name":"(anonymous_31)","decl":{"start":{"line":304,"column":18},"end":{"line":304,"column":33}},"loc":{"start":{"line":304,"column":33},"end":{"line":304,"column":null}},"line":304},"32":{"name":"(anonymous_32)","decl":{"start":{"line":345,"column":21},"end":{"line":345,"column":28}},"loc":{"start":{"line":345,"column":33},"end":{"line":345,"column":52}},"line":345},"33":{"name":"(anonymous_33)","decl":{"start":{"line":345,"column":54},"end":{"line":345,"column":59}},"loc":{"start":{"line":346,"column":14},"end":{"line":415,"column":null}},"line":346},"34":{"name":"(anonymous_34)","decl":{"start":{"line":397,"column":48},"end":{"line":397,"column":53}},"loc":{"start":{"line":398,"column":26},"end":{"line":401,"column":null}},"line":398},"35":{"name":"(anonymous_35)","decl":{"start":{"line":443,"column":18},"end":{"line":443,"column":33}},"loc":{"start":{"line":443,"column":33},"end":{"line":443,"column":null}},"line":443},"36":{"name":"(anonymous_36)","decl":{"start":{"line":458,"column":62},"end":{"line":458,"column":77}},"loc":{"start":{"line":458,"column":77},"end":{"line":458,"column":null}},"line":458},"37":{"name":"(anonymous_37)","decl":{"start":{"line":467,"column":14},"end":{"line":467,"column":25}},"loc":{"start":{"line":467,"column":31},"end":{"line":467,"column":null}},"line":467},"38":{"name":"(anonymous_38)","decl":{"start":{"line":468,"column":14},"end":{"line":468,"column":26}},"loc":{"start":{"line":468,"column":32},"end":{"line":473,"column":null}},"line":468},"39":{"name":"(anonymous_39)","decl":{"start":{"line":496,"column":14},"end":{"line":496,"column":29}},"loc":{"start":{"line":496,"column":29},"end":{"line":496,"column":null}},"line":496},"40":{"name":"(anonymous_40)","decl":{"start":{"line":515,"column":39},"end":{"line":515,"column":44}},"loc":{"start":{"line":516,"column":16},"end":{"line":519,"column":null}},"line":516},"41":{"name":"(anonymous_41)","decl":{"start":{"line":518,"column":28},"end":{"line":518,"column":33}},"loc":{"start":{"line":518,"column":55},"end":{"line":518,"column":95}},"line":518},"42":{"name":"(anonymous_42)","decl":{"start":{"line":533,"column":40},"end":{"line":533,"column":45}},"loc":{"start":{"line":534,"column":16},"end":{"line":537,"column":null}},"line":534},"43":{"name":"(anonymous_43)","decl":{"start":{"line":536,"column":28},"end":{"line":536,"column":33}},"loc":{"start":{"line":536,"column":55},"end":{"line":536,"column":95}},"line":536},"44":{"name":"(anonymous_44)","decl":{"start":{"line":551,"column":33},"end":{"line":551,"column":38}},"loc":{"start":{"line":552,"column":16},"end":{"line":556,"column":null}},"line":552},"45":{"name":"(anonymous_45)","decl":{"start":{"line":555,"column":28},"end":{"line":555,"column":33}},"loc":{"start":{"line":555,"column":55},"end":{"line":555,"column":95}},"line":555},"46":{"name":"(anonymous_46)","decl":{"start":{"line":570,"column":34},"end":{"line":570,"column":39}},"loc":{"start":{"line":571,"column":16},"end":{"line":598,"column":null}},"line":571},"47":{"name":"(anonymous_47)","decl":{"start":{"line":574,"column":28},"end":{"line":574,"column":33}},"loc":{"start":{"line":574,"column":55},"end":{"line":597,"column":19}},"line":574}},"branchMap":{"0":{"loc":{"start":{"line":84,"column":4},"end":{"line":84,"column":null}},"type":"if","locations":[{"start":{"line":84,"column":4},"end":{"line":84,"column":null}},{"start":{},"end":{}}],"line":84},"1":{"loc":{"start":{"line":84,"column":8},"end":{"line":84,"column":37}},"type":"binary-expr","locations":[{"start":{"line":84,"column":8},"end":{"line":84,"column":19}},{"start":{"line":84,"column":19},"end":{"line":84,"column":37}}],"line":84},"2":{"loc":{"start":{"line":90,"column":4},"end":{"line":90,"column":null}},"type":"if","locations":[{"start":{"line":90,"column":4},"end":{"line":90,"column":null}},{"start":{},"end":{}}],"line":90},"3":{"loc":{"start":{"line":90,"column":9},"end":{"line":90,"column":54}},"type":"binary-expr","locations":[{"start":{"line":90,"column":9},"end":{"line":90,"column":26}},{"start":{"line":90,"column":26},"end":{"line":90,"column":45}},{"start":{"line":90,"column":45},"end":{"line":90,"column":54}}],"line":90},"4":{"loc":{"start":{"line":96,"column":4},"end":{"line":101,"column":null}},"type":"if","locations":[{"start":{"line":96,"column":4},"end":{"line":101,"column":null}},{"start":{},"end":{}}],"line":96},"5":{"loc":{"start":{"line":115,"column":13},"end":{"line":115,"column":null}},"type":"binary-expr","locations":[{"start":{"line":115,"column":13},"end":{"line":115,"column":40}},{"start":{"line":115,"column":40},"end":{"line":115,"column":73}},{"start":{"line":115,"column":73},"end":{"line":115,"column":null}}],"line":115},"6":{"loc":{"start":{"line":141,"column":6},"end":{"line":143,"column":null}},"type":"if","locations":[{"start":{"line":141,"column":6},"end":{"line":143,"column":null}},{"start":{},"end":{}}],"line":141},"7":{"loc":{"start":{"line":141,"column":10},"end":{"line":141,"column":32}},"type":"binary-expr","locations":[{"start":{"line":141,"column":10},"end":{"line":141,"column":21}},{"start":{"line":141,"column":21},"end":{"line":141,"column":32}}],"line":141},"8":{"loc":{"start":{"line":145,"column":6},"end":{"line":145,"column":null}},"type":"if","locations":[{"start":{"line":145,"column":6},"end":{"line":145,"column":null}},{"start":{},"end":{}}],"line":145},"9":{"loc":{"start":{"line":158,"column":8},"end":{"line":237,"column":null}},"type":"if","locations":[{"start":{"line":158,"column":8},"end":{"line":237,"column":null}},{"start":{},"end":{}}],"line":158},"10":{"loc":{"start":{"line":162,"column":12},"end":{"line":235,"column":null}},"type":"if","locations":[{"start":{"line":162,"column":12},"end":{"line":235,"column":null}},{"start":{},"end":{}}],"line":162},"11":{"loc":{"start":{"line":164,"column":14},"end":{"line":164,"column":null}},"type":"if","locations":[{"start":{"line":164,"column":14},"end":{"line":164,"column":null}},{"start":{},"end":{}}],"line":164},"12":{"loc":{"start":{"line":165,"column":14},"end":{"line":234,"column":null}},"type":"if","locations":[{"start":{"line":165,"column":14},"end":{"line":234,"column":null}},{"start":{},"end":{}}],"line":165},"13":{"loc":{"start":{"line":170,"column":18},"end":{"line":178,"column":null}},"type":"if","locations":[{"start":{"line":170,"column":18},"end":{"line":178,"column":null}},{"start":{},"end":{}}],"line":170},"14":{"loc":{"start":{"line":181,"column":18},"end":{"line":183,"column":null}},"type":"if","locations":[{"start":{"line":181,"column":18},"end":{"line":183,"column":null}},{"start":{},"end":{}}],"line":181},"15":{"loc":{"start":{"line":186,"column":18},"end":{"line":188,"column":null}},"type":"if","locations":[{"start":{"line":186,"column":18},"end":{"line":188,"column":null}},{"start":{},"end":{}}],"line":186},"16":{"loc":{"start":{"line":186,"column":22},"end":{"line":186,"column":59}},"type":"binary-expr","locations":[{"start":{"line":186,"column":22},"end":{"line":186,"column":47}},{"start":{"line":186,"column":47},"end":{"line":186,"column":59}}],"line":186},"17":{"loc":{"start":{"line":187,"column":36},"end":{"line":187,"column":104}},"type":"binary-expr","locations":[{"start":{"line":187,"column":36},"end":{"line":187,"column":52}},{"start":{"line":187,"column":52},"end":{"line":187,"column":75}},{"start":{"line":187,"column":75},"end":{"line":187,"column":89}},{"start":{"line":187,"column":89},"end":{"line":187,"column":104}}],"line":187},"18":{"loc":{"start":{"line":191,"column":18},"end":{"line":191,"column":null}},"type":"if","locations":[{"start":{"line":191,"column":18},"end":{"line":191,"column":null}},{"start":{},"end":{}}],"line":191},"19":{"loc":{"start":{"line":191,"column":22},"end":{"line":191,"column":48}},"type":"binary-expr","locations":[{"start":{"line":191,"column":22},"end":{"line":191,"column":36}},{"start":{"line":191,"column":36},"end":{"line":191,"column":48}}],"line":191},"20":{"loc":{"start":{"line":195,"column":18},"end":{"line":208,"column":null}},"type":"if","locations":[{"start":{"line":195,"column":18},"end":{"line":208,"column":null}},{"start":{},"end":{}}],"line":195},"21":{"loc":{"start":{"line":196,"column":20},"end":{"line":199,"column":null}},"type":"if","locations":[{"start":{"line":196,"column":20},"end":{"line":199,"column":null}},{"start":{},"end":{}}],"line":196},"22":{"loc":{"start":{"line":211,"column":47},"end":{"line":211,"column":null}},"type":"binary-expr","locations":[{"start":{"line":211,"column":47},"end":{"line":211,"column":84}},{"start":{"line":211,"column":84},"end":{"line":211,"column":null}}],"line":211},"23":{"loc":{"start":{"line":212,"column":18},"end":{"line":225,"column":null}},"type":"if","locations":[{"start":{"line":212,"column":18},"end":{"line":225,"column":null}},{"start":{},"end":{}}],"line":212},"24":{"loc":{"start":{"line":213,"column":20},"end":{"line":217,"column":null}},"type":"if","locations":[{"start":{"line":213,"column":20},"end":{"line":217,"column":null}},{"start":{},"end":{}}],"line":213},"25":{"loc":{"start":{"line":214,"column":36},"end":{"line":214,"column":null}},"type":"cond-expr","locations":[{"start":{"line":214,"column":52},"end":{"line":214,"column":82}},{"start":{"line":214,"column":82},"end":{"line":214,"column":null}}],"line":214},"26":{"loc":{"start":{"line":241,"column":6},"end":{"line":245,"column":null}},"type":"if","locations":[{"start":{"line":241,"column":6},"end":{"line":245,"column":null}},{"start":{"line":243,"column":13},"end":{"line":245,"column":null}}],"line":241},"27":{"loc":{"start":{"line":241,"column":10},"end":{"line":241,"column":57}},"type":"binary-expr","locations":[{"start":{"line":241,"column":10},"end":{"line":241,"column":32}},{"start":{"line":241,"column":32},"end":{"line":241,"column":57}}],"line":241},"28":{"loc":{"start":{"line":244,"column":17},"end":{"line":244,"column":74}},"type":"cond-expr","locations":[{"start":{"line":244,"column":38},"end":{"line":244,"column":50}},{"start":{"line":244,"column":50},"end":{"line":244,"column":74}}],"line":244},"29":{"loc":{"start":{"line":258,"column":4},"end":{"line":258,"column":null}},"type":"if","locations":[{"start":{"line":258,"column":4},"end":{"line":258,"column":null}},{"start":{},"end":{}}],"line":258},"30":{"loc":{"start":{"line":260,"column":4},"end":{"line":263,"column":null}},"type":"if","locations":[{"start":{"line":260,"column":4},"end":{"line":263,"column":null}},{"start":{},"end":{}}],"line":260},"31":{"loc":{"start":{"line":275,"column":2},"end":{"line":275,"column":null}},"type":"if","locations":[{"start":{"line":275,"column":2},"end":{"line":275,"column":null}},{"start":{},"end":{}}],"line":275},"32":{"loc":{"start":{"line":294,"column":24},"end":{"line":294,"column":null}},"type":"cond-expr","locations":[{"start":{"line":294,"column":34},"end":{"line":294,"column":43}},{"start":{"line":294,"column":43},"end":{"line":294,"column":null}}],"line":294},"33":{"loc":{"start":{"line":309,"column":25},"end":{"line":309,"column":null}},"type":"cond-expr","locations":[{"start":{"line":309,"column":35},"end":{"line":309,"column":50}},{"start":{"line":309,"column":50},"end":{"line":309,"column":null}}],"line":309},"34":{"loc":{"start":{"line":311,"column":19},"end":{"line":311,"column":null}},"type":"cond-expr","locations":[{"start":{"line":311,"column":29},"end":{"line":311,"column":53}},{"start":{"line":311,"column":52},"end":{"line":311,"column":null}}],"line":311},"35":{"loc":{"start":{"line":317,"column":13},"end":{"line":328,"column":null}},"type":"binary-expr","locations":[{"start":{"line":317,"column":13},"end":{"line":317,"column":null}},{"start":{"line":318,"column":14},"end":{"line":328,"column":null}}],"line":317},"36":{"loc":{"start":{"line":318,"column":14},"end":{"line":328,"column":null}},"type":"cond-expr","locations":[{"start":{"line":319,"column":16},"end":{"line":323,"column":25}},{"start":{"line":323,"column":18},"end":{"line":328,"column":null}}],"line":318},"37":{"loc":{"start":{"line":321,"column":36},"end":{"line":321,"column":null}},"type":"cond-expr","locations":[{"start":{"line":321,"column":100},"end":{"line":321,"column":140}},{"start":{"line":321,"column":140},"end":{"line":321,"column":null}}],"line":321},"38":{"loc":{"start":{"line":321,"column":36},"end":{"line":321,"column":100}},"type":"binary-expr","locations":[{"start":{"line":321,"column":36},"end":{"line":321,"column":67}},{"start":{"line":321,"column":67},"end":{"line":321,"column":100}}],"line":321},"39":{"loc":{"start":{"line":323,"column":18},"end":{"line":328,"column":null}},"type":"cond-expr","locations":[{"start":{"line":324,"column":16},"end":{"line":328,"column":null}},{"start":{"line":328,"column":18},"end":{"line":328,"column":null}}],"line":323},"40":{"loc":{"start":{"line":335,"column":11},"end":{"line":416,"column":null}},"type":"cond-expr","locations":[{"start":{"line":336,"column":12},"end":{"line":345,"column":21}},{"start":{"line":345,"column":12},"end":{"line":416,"column":null}}],"line":335},"41":{"loc":{"start":{"line":335,"column":11},"end":{"line":335,"column":null}},"type":"binary-expr","locations":[{"start":{"line":335,"column":11},"end":{"line":335,"column":36}},{"start":{"line":335,"column":36},"end":{"line":335,"column":null}}],"line":335},"42":{"loc":{"start":{"line":338,"column":15},"end":{"line":343,"column":null}},"type":"cond-expr","locations":[{"start":{"line":339,"column":16},"end":{"line":341,"column":17}},{"start":{"line":341,"column":16},"end":{"line":343,"column":null}}],"line":338},"43":{"loc":{"start":{"line":347,"column":27},"end":{"line":347,"column":null}},"type":"cond-expr","locations":[{"start":{"line":347,"column":49},"end":{"line":347,"column":62}},{"start":{"line":347,"column":62},"end":{"line":347,"column":null}}],"line":347},"44":{"loc":{"start":{"line":351,"column":28},"end":{"line":351,"column":null}},"type":"cond-expr","locations":[{"start":{"line":351,"column":50},"end":{"line":351,"column":63}},{"start":{"line":351,"column":63},"end":{"line":351,"column":null}}],"line":351},"45":{"loc":{"start":{"line":354,"column":17},"end":{"line":372,"column":null}},"type":"binary-expr","locations":[{"start":{"line":354,"column":17},"end":{"line":354,"column":45}},{"start":{"line":354,"column":45},"end":{"line":354,"column":null}},{"start":{"line":355,"column":18},"end":{"line":372,"column":null}}],"line":354},"46":{"loc":{"start":{"line":362,"column":36},"end":{"line":363,"column":null}},"type":"binary-expr","locations":[{"start":{"line":362,"column":36},"end":{"line":362,"column":47}},{"start":{"line":362,"column":47},"end":{"line":362,"column":109}},{"start":{"line":362,"column":109},"end":{"line":363,"column":null}}],"line":362},"47":{"loc":{"start":{"line":375,"column":30},"end":{"line":375,"column":null}},"type":"cond-expr","locations":[{"start":{"line":375,"column":52},"end":{"line":375,"column":71}},{"start":{"line":375,"column":71},"end":{"line":375,"column":null}}],"line":375},"48":{"loc":{"start":{"line":376,"column":25},"end":{"line":376,"column":null}},"type":"cond-expr","locations":[{"start":{"line":376,"column":47},"end":{"line":376,"column":56}},{"start":{"line":376,"column":56},"end":{"line":376,"column":null}}],"line":376},"49":{"loc":{"start":{"line":378,"column":32},"end":{"line":378,"column":null}},"type":"cond-expr","locations":[{"start":{"line":378,"column":54},"end":{"line":378,"column":77}},{"start":{"line":378,"column":77},"end":{"line":378,"column":null}}],"line":378},"50":{"loc":{"start":{"line":379,"column":26},"end":{"line":379,"column":null}},"type":"cond-expr","locations":[{"start":{"line":379,"column":48},"end":{"line":379,"column":57}},{"start":{"line":379,"column":57},"end":{"line":379,"column":null}}],"line":379},"51":{"loc":{"start":{"line":382,"column":22},"end":{"line":382,"column":null}},"type":"cond-expr","locations":[{"start":{"line":382,"column":44},"end":{"line":382,"column":150}},{"start":{"line":382,"column":150},"end":{"line":382,"column":null}}],"line":382},"52":{"loc":{"start":{"line":384,"column":19},"end":{"line":403,"column":null}},"type":"cond-expr","locations":[{"start":{"line":385,"column":20},"end":{"line":395,"column":27}},{"start":{"line":395,"column":20},"end":{"line":403,"column":null}}],"line":384},"53":{"loc":{"start":{"line":385,"column":20},"end":{"line":395,"column":27}},"type":"cond-expr","locations":[{"start":{"line":386,"column":24},"end":{"line":387,"column":47}}],"line":385},"54":{"loc":{"start":{"line":395,"column":20},"end":{"line":403,"column":null}},"type":"cond-expr","locations":[{"start":{"line":395,"column":54},"end":{"line":395,"column":null}},{"start":{"line":396,"column":22},"end":{"line":403,"column":null}}],"line":395},"55":{"loc":{"start":{"line":398,"column":26},"end":{"line":401,"column":null}},"type":"cond-expr","locations":[{"start":{"line":399,"column":30},"end":{"line":399,"column":null}},{"start":{"line":401,"column":30},"end":{"line":401,"column":null}}],"line":398},"56":{"loc":{"start":{"line":409,"column":19},"end":{"line":414,"column":null}},"type":"binary-expr","locations":[{"start":{"line":409,"column":19},"end":{"line":409,"column":47}},{"start":{"line":409,"column":47},"end":{"line":409,"column":null}},{"start":{"line":410,"column":20},"end":{"line":414,"column":null}}],"line":409},"57":{"loc":{"start":{"line":419,"column":11},"end":{"line":422,"column":null}},"type":"binary-expr","locations":[{"start":{"line":419,"column":11},"end":{"line":419,"column":null}},{"start":{"line":420,"column":12},"end":{"line":422,"column":null}}],"line":419},"58":{"loc":{"start":{"line":425,"column":11},"end":{"line":428,"column":null}},"type":"binary-expr","locations":[{"start":{"line":425,"column":11},"end":{"line":425,"column":null}},{"start":{"line":426,"column":12},"end":{"line":428,"column":null}}],"line":425},"59":{"loc":{"start":{"line":436,"column":11},"end":{"line":450,"column":11}},"type":"binary-expr","locations":[{"start":{"line":436,"column":11},"end":{"line":436,"column":null}},{"start":{"line":437,"column":12},"end":{"line":450,"column":11}}],"line":436},"60":{"loc":{"start":{"line":469,"column":16},"end":{"line":472,"column":null}},"type":"if","locations":[{"start":{"line":469,"column":16},"end":{"line":472,"column":null}},{"start":{},"end":{}}],"line":469},"61":{"loc":{"start":{"line":469,"column":20},"end":{"line":469,"column":54}},"type":"binary-expr","locations":[{"start":{"line":469,"column":20},"end":{"line":469,"column":41}},{"start":{"line":469,"column":41},"end":{"line":469,"column":54}}],"line":469},"62":{"loc":{"start":{"line":475,"column":13},"end":{"line":482,"column":null}},"type":"cond-expr","locations":[{"start":{"line":476,"column":14},"end":{"line":480,"column":15}},{"start":{"line":480,"column":14},"end":{"line":482,"column":null}}],"line":475},"63":{"loc":{"start":{"line":480,"column":102},"end":{"line":480,"column":null}},"type":"binary-expr","locations":[{"start":{"line":480,"column":102},"end":{"line":480,"column":119}},{"start":{"line":480,"column":119},"end":{"line":480,"column":null}}],"line":480},"64":{"loc":{"start":{"line":494,"column":11},"end":{"line":502,"column":null}},"type":"binary-expr","locations":[{"start":{"line":494,"column":11},"end":{"line":494,"column":null}},{"start":{"line":495,"column":12},"end":{"line":502,"column":null}}],"line":494},"65":{"loc":{"start":{"line":513,"column":15},"end":{"line":520,"column":null}},"type":"cond-expr","locations":[{"start":{"line":514,"column":16},"end":{"line":515,"column":39}},{"start":{"line":515,"column":18},"end":{"line":520,"column":null}}],"line":513},"66":{"loc":{"start":{"line":517,"column":110},"end":{"line":517,"column":168}},"type":"binary-expr","locations":[{"start":{"line":517,"column":110},"end":{"line":517,"column":121}},{"start":{"line":517,"column":121},"end":{"line":517,"column":159}},{"start":{"line":517,"column":159},"end":{"line":517,"column":168}}],"line":517},"67":{"loc":{"start":{"line":531,"column":15},"end":{"line":538,"column":null}},"type":"cond-expr","locations":[{"start":{"line":532,"column":16},"end":{"line":533,"column":40}},{"start":{"line":533,"column":18},"end":{"line":538,"column":null}}],"line":531},"68":{"loc":{"start":{"line":535,"column":110},"end":{"line":535,"column":168}},"type":"binary-expr","locations":[{"start":{"line":535,"column":110},"end":{"line":535,"column":121}},{"start":{"line":535,"column":121},"end":{"line":535,"column":159}},{"start":{"line":535,"column":159},"end":{"line":535,"column":168}}],"line":535},"69":{"loc":{"start":{"line":549,"column":15},"end":{"line":557,"column":null}},"type":"cond-expr","locations":[{"start":{"line":550,"column":16},"end":{"line":551,"column":33}},{"start":{"line":551,"column":18},"end":{"line":557,"column":null}}],"line":549},"70":{"loc":{"start":{"line":553,"column":110},"end":{"line":553,"column":168}},"type":"binary-expr","locations":[{"start":{"line":553,"column":110},"end":{"line":553,"column":121}},{"start":{"line":553,"column":121},"end":{"line":553,"column":159}},{"start":{"line":553,"column":159},"end":{"line":553,"column":168}}],"line":553},"71":{"loc":{"start":{"line":554,"column":19},"end":{"line":554,"column":null}},"type":"binary-expr","locations":[{"start":{"line":554,"column":19},"end":{"line":554,"column":44}},{"start":{"line":554,"column":44},"end":{"line":554,"column":null}}],"line":554},"72":{"loc":{"start":{"line":568,"column":15},"end":{"line":599,"column":null}},"type":"cond-expr","locations":[{"start":{"line":569,"column":16},"end":{"line":570,"column":34}},{"start":{"line":570,"column":18},"end":{"line":599,"column":null}}],"line":568},"73":{"loc":{"start":{"line":572,"column":110},"end":{"line":572,"column":168}},"type":"binary-expr","locations":[{"start":{"line":572,"column":110},"end":{"line":572,"column":121}},{"start":{"line":572,"column":121},"end":{"line":572,"column":159}},{"start":{"line":572,"column":159},"end":{"line":572,"column":168}}],"line":572},"74":{"loc":{"start":{"line":573,"column":19},"end":{"line":573,"column":null}},"type":"binary-expr","locations":[{"start":{"line":573,"column":19},"end":{"line":573,"column":44}},{"start":{"line":573,"column":44},"end":{"line":573,"column":null}}],"line":573},"75":{"loc":{"start":{"line":577,"column":39},"end":{"line":577,"column":null}},"type":"cond-expr","locations":[{"start":{"line":577,"column":49},"end":{"line":577,"column":67}},{"start":{"line":577,"column":67},"end":{"line":577,"column":null}}],"line":577},"76":{"loc":{"start":{"line":577,"column":67},"end":{"line":577,"column":null}},"type":"cond-expr","locations":[{"start":{"line":577,"column":80},"end":{"line":577,"column":92}},{"start":{"line":577,"column":92},"end":{"line":577,"column":null}}],"line":577},"77":{"loc":{"start":{"line":581,"column":25},"end":{"line":595,"column":null}},"type":"cond-expr","locations":[{"start":{"line":582,"column":26},"end":{"line":591,"column":27}},{"start":{"line":591,"column":26},"end":{"line":595,"column":null}}],"line":581},"78":{"loc":{"start":{"line":584,"column":38},"end":{"line":584,"column":59}},"type":"binary-expr","locations":[{"start":{"line":584,"column":38},"end":{"line":584,"column":57}},{"start":{"line":584,"column":57},"end":{"line":584,"column":59}}],"line":584},"79":{"loc":{"start":{"line":584,"column":79},"end":{"line":584,"column":null}},"type":"cond-expr","locations":[{"start":{"line":584,"column":123},"end":{"line":584,"column":129}},{"start":{"line":584,"column":129},"end":{"line":584,"column":null}}],"line":584},"80":{"loc":{"start":{"line":584,"column":86},"end":{"line":584,"column":107}},"type":"binary-expr","locations":[{"start":{"line":584,"column":86},"end":{"line":584,"column":105}},{"start":{"line":584,"column":105},"end":{"line":584,"column":107}}],"line":584},"81":{"loc":{"start":{"line":587,"column":38},"end":{"line":587,"column":59}},"type":"binary-expr","locations":[{"start":{"line":587,"column":38},"end":{"line":587,"column":57}},{"start":{"line":587,"column":57},"end":{"line":587,"column":59}}],"line":587},"82":{"loc":{"start":{"line":591,"column":105},"end":{"line":591,"column":176}},"type":"cond-expr","locations":[{"start":{"line":591,"column":115},"end":{"line":591,"column":149}},{"start":{"line":591,"column":149},"end":{"line":591,"column":176}}],"line":591},"83":{"loc":{"start":{"line":591,"column":257},"end":{"line":591,"column":310}},"type":"cond-expr","locations":[{"start":{"line":591,"column":267},"end":{"line":591,"column":285}},{"start":{"line":591,"column":285},"end":{"line":591,"column":310}}],"line":591}},"s":{"0":946,"1":946,"2":946,"3":946,"4":946,"5":946,"6":946,"7":946,"8":946,"9":946,"10":946,"11":946,"12":946,"13":946,"14":946,"15":946,"16":946,"17":126,"18":54,"19":10,"20":946,"21":126,"22":54,"23":10,"24":946,"25":126,"26":54,"27":10,"28":946,"29":126,"30":54,"31":10,"32":946,"33":126,"34":946,"35":126,"36":946,"37":126,"38":946,"39":126,"40":946,"41":126,"42":946,"43":697,"44":93,"45":604,"46":604,"47":604,"48":45,"49":0,"50":44,"51":44,"52":2,"53":44,"54":44,"55":44,"56":44,"57":44,"58":44,"59":44,"60":44,"61":44,"62":44,"63":45,"64":45,"65":44,"66":45,"67":45,"68":45,"69":45,"70":45,"71":42,"72":1,"73":41,"74":41,"75":40,"76":40,"77":40,"78":40,"79":40,"80":40,"81":40,"82":40,"83":99,"84":98,"85":98,"86":64,"87":64,"88":64,"89":123,"90":62,"91":62,"92":30,"93":32,"94":31,"95":31,"96":31,"97":10,"98":10,"99":10,"100":10,"101":10,"102":10,"103":20,"104":1,"105":19,"106":4,"107":15,"108":11,"109":15,"110":31,"111":5,"112":4,"113":4,"114":4,"115":5,"116":5,"117":5,"118":5,"119":5,"120":5,"121":5,"122":10,"123":31,"124":10,"125":7,"126":7,"127":7,"128":7,"129":10,"130":10,"131":10,"132":10,"133":10,"134":10,"135":9,"136":8,"137":43,"138":43,"139":4,"140":5,"141":5,"142":1,"143":4,"144":1,"145":1,"146":3,"147":3,"148":3,"149":3,"150":946,"151":1,"152":944,"153":626,"154":3,"155":202,"156":107,"157":8,"158":1,"159":1,"160":151,"161":155,"162":3,"163":3,"164":1,"165":94,"166":3,"167":94,"168":1,"169":94,"170":1,"171":94,"172":5,"173":5,"174":5,"175":5},"f":{"0":946,"1":126,"2":54,"3":10,"4":126,"5":54,"6":10,"7":126,"8":54,"9":10,"10":126,"11":54,"12":10,"13":126,"14":126,"15":126,"16":126,"17":126,"18":697,"19":604,"20":45,"21":44,"22":10,"23":4,"24":5,"25":7,"26":10,"27":4,"28":5,"29":3,"30":626,"31":3,"32":202,"33":107,"34":8,"35":1,"36":1,"37":151,"38":155,"39":1,"40":94,"41":3,"42":94,"43":1,"44":94,"45":1,"46":94,"47":5},"b":{"0":[93,604],"1":[697,626],"2":[0,45],"3":[45,0,45],"4":[2,42],"5":[44,2,1],"6":[1,41],"7":[42,1],"8":[1,40],"9":[64,34],"10":[62,61],"11":[30,32],"12":[31,1],"13":[10,21],"14":[1,19],"15":[4,15],"16":[19,17],"17":[4,3,2,1],"18":[11,4],"19":[15,15],"20":[5,26],"21":[4,1],"22":[10,0],"23":[10,21],"24":[7,3],"25":[0,7],"26":[1,8],"27":[9,8],"28":[7,1],"29":[1,4],"30":[1,3],"31":[1,945],"32":[2,942],"33":[2,942],"34":[2,942],"35":[946,866],"36":[40,826],"37":[34,6],"38":[40,34],"39":[344,482],"40":[849,95],"41":[946,849],"42":[78,771],"43":[95,12],"44":[95,12],"45":[107,12,5],"46":[5,1,1],"47":[95,12],"48":[95,12],"49":[95,12],"50":[95,12],"51":[95,12],"52":[12,95],"53":[12],"54":[91,4],"55":[4,4],"56":[107,12,12],"57":[946,51],"58":[946,9],"59":[946,41],"60":[3,152],"61":[155,4],"62":[51,893],"63":[893,146],"64":[946,94],"65":[850,94],"66":[94,51,51],"67":[850,94],"68":[94,51,51],"69":[850,94],"70":[94,51,51],"71":[94,93],"72":[850,94],"73":[94,51,51],"74":[94,89],"75":[1,4],"76":[3,1],"77":[3,2],"78":[3,1],"79":[1,2],"80":[3,1],"81":[3,1],"82":[1,1],"83":[1,1]},"meta":{"lastBranch":84,"lastFunction":48,"lastStatement":176,"seen":{"f:15:16:15:33":0,"s:16:10:16:Infinity":0,"s:17:17:17:Infinity":1,"s:18:16:18:Infinity":2,"s:19:19:21:Infinity":3,"s:22:18:22:Infinity":4,"s:23:16:23:Infinity":5,"s:25:24:25:Infinity":6,"s:26:8:26:Infinity":7,"s:28:18:28:Infinity":8,"s:30:28:30:Infinity":9,"s:32:8:32:Infinity":10,"s:34:8:34:Infinity":11,"s:35:8:35:Infinity":12,"s:36:8:36:Infinity":13,"s:37:8:37:Infinity":14,"s:38:8:38:Infinity":15,"s:41:8:44:Infinity":16,"f:41:31:41:Infinity":1,"s:42:4:44:7":17,"f:42:22:42:26":2,"s:43:7:43:Infinity":18,"f:43:23:43:30":3,"s:43:35:43:63":19,"s:46:8:49:Infinity":20,"f:46:32:46:Infinity":4,"s:47:4:49:7":21,"f:47:22:47:26":5,"s:48:7:48:Infinity":22,"f:48:23:48:30":6,"s:48:35:48:64":23,"s:51:8:54:Infinity":24,"f:51:25:51:Infinity":7,"s:52:4:54:7":25,"f:52:22:52:26":8,"s:53:7:53:Infinity":26,"f:53:23:53:30":9,"s:53:35:53:56":27,"s:56:8:59:Infinity":28,"f:56:26:56:Infinity":10,"s:57:4:59:7":29,"f:57:22:57:26":11,"s:58:7:58:Infinity":30,"f:58:23:58:30":12,"s:58:35:58:57":31,"s:61:2:63:Infinity":32,"f:61:2:61:18":13,"s:62:4:62:Infinity":33,"s:65:2:67:Infinity":34,"f:65:2:65:18":14,"s:66:4:66:Infinity":35,"s:69:2:71:Infinity":36,"f:69:2:69:18":15,"s:70:4:70:Infinity":37,"s:73:2:75:Infinity":38,"f:73:2:73:18":16,"s:74:4:74:Infinity":39,"s:77:2:79:Infinity":40,"f:77:2:77:18":17,"s:78:4:78:Infinity":41,"s:83:8:87:Infinity":42,"f:83:23:83:37":18,"b:84:4:84:Infinity:undefined:undefined:undefined:undefined":0,"s:84:4:84:Infinity":43,"b:84:8:84:19:84:19:84:37":1,"s:84:37:84:Infinity":44,"s:85:20:85:Infinity":45,"s:86:4:86:Infinity":46,"f:86:26:86:31":19,"s:86:36:86:62":47,"f:89:17:89:30":20,"b:90:4:90:Infinity:undefined:undefined:undefined:undefined":2,"s:90:4:90:Infinity":48,"b:90:9:90:26:90:26:90:45:90:45:90:54":3,"s:90:54:90:Infinity":49,"s:95:27:95:Infinity":50,"b:96:4:101:Infinity:undefined:undefined:undefined:undefined":4,"s:96:4:101:Infinity":51,"s:97:6:100:Infinity":52,"s:103:28:103:Infinity":53,"s:104:24:104:Infinity":54,"s:105:4:105:Infinity":55,"s:106:4:106:Infinity":56,"s:107:4:107:Infinity":57,"s:108:4:108:Infinity":58,"s:109:4:109:Infinity":59,"s:111:23:111:Infinity":60,"s:112:4:112:Infinity":61,"s:114:20:118:Infinity":62,"b:115:13:115:40:115:40:115:73:115:73:115:Infinity":5,"s:120:22:120:Infinity":63,"s:122:4:122:Infinity":64,"f:122:4:122:25":21,"s:122:33:122:46":65,"s:124:4:249:Infinity":66,"s:125:17:125:Infinity":67,"s:126:6:126:Infinity":68,"s:129:23:129:Infinity":69,"s:131:18:139:Infinity":70,"b:141:6:143:Infinity:undefined:undefined:undefined:undefined":6,"s:141:6:143:Infinity":71,"b:141:10:141:21:141:21:141:32":7,"s:142:8:142:Infinity":72,"b:145:6:145:Infinity:undefined:undefined:undefined:undefined":8,"s:145:6:145:Infinity":73,"s:145:21:145:Infinity":74,"s:147:21:147:Infinity":75,"s:148:22:148:Infinity":76,"s:149:17:149:Infinity":77,"s:150:25:150:Infinity":78,"s:151:26:151:Infinity":79,"s:152:22:152:Infinity":80,"s:153:34:153:Infinity":81,"s:155:6:238:Infinity":82,"s:156:44:156:Infinity":83,"s:157:8:157:Infinity":84,"b:158:8:237:Infinity:undefined:undefined:undefined:undefined":9,"s:158:8:237:Infinity":85,"s:159:27:159:Infinity":86,"s:160:24:160:Infinity":87,"s:161:10:236:Infinity":88,"b:162:12:235:Infinity:undefined:undefined:undefined:undefined":10,"s:162:12:235:Infinity":89,"s:163:30:163:Infinity":90,"b:164:14:164:Infinity:undefined:undefined:undefined:undefined":11,"s:164:14:164:Infinity":91,"s:164:40:164:Infinity":92,"b:165:14:234:Infinity:undefined:undefined:undefined:undefined":12,"s:165:14:234:Infinity":93,"s:166:16:232:Infinity":94,"s:167:31:167:Infinity":95,"b:170:18:178:Infinity:undefined:undefined:undefined:undefined":13,"s:170:18:178:Infinity":96,"s:171:20:176:Infinity":97,"f:171:20:171:41":22,"s:172:38:172:Infinity":98,"s:173:38:173:Infinity":99,"s:174:22:174:Infinity":100,"s:175:22:175:Infinity":101,"s:177:20:177:Infinity":102,"b:181:18:183:Infinity:undefined:undefined:undefined:undefined":14,"s:181:18:183:Infinity":103,"s:182:20:182:Infinity":104,"b:186:18:188:Infinity:undefined:undefined:undefined:undefined":15,"s:186:18:188:Infinity":105,"b:186:22:186:47:186:47:186:59":16,"s:187:20:187:Infinity":106,"b:187:36:187:52:187:52:187:75:187:75:187:89:187:89:187:104":17,"b:191:18:191:Infinity:undefined:undefined:undefined:undefined":18,"s:191:18:191:Infinity":107,"b:191:22:191:36:191:36:191:48":19,"s:191:48:191:Infinity":108,"s:194:60:194:Infinity":109,"b:195:18:208:Infinity:undefined:undefined:undefined:undefined":20,"s:195:18:208:Infinity":110,"b:196:20:199:Infinity:undefined:undefined:undefined:undefined":21,"s:196:20:199:Infinity":111,"s:197:22:197:Infinity":112,"f:197:22:197:34":23,"s:197:42:197:119":113,"s:198:22:198:Infinity":114,"s:200:20:200:Infinity":115,"s:201:20:206:Infinity":116,"f:201:20:201:32":24,"s:202:38:202:Infinity":117,"s:203:35:203:Infinity":118,"s:204:22:204:Infinity":119,"s:205:22:205:Infinity":120,"s:207:20:207:Infinity":121,"s:211:47:211:Infinity":122,"b:211:47:211:84:211:84:211:Infinity":22,"b:212:18:225:Infinity:undefined:undefined:undefined:undefined":23,"s:212:18:225:Infinity":123,"b:213:20:217:Infinity:undefined:undefined:undefined:undefined":24,"s:213:20:217:Infinity":124,"s:214:36:214:Infinity":125,"b:214:52:214:82:214:82:214:Infinity":25,"s:215:22:215:Infinity":126,"f:215:22:215:34":25,"s:215:42:215:115":127,"s:216:22:216:Infinity":128,"s:218:20:218:Infinity":129,"s:219:20:224:Infinity":130,"f:219:20:219:32":26,"s:220:38:220:Infinity":131,"s:221:35:221:Infinity":132,"s:222:22:222:Infinity":133,"s:223:22:223:Infinity":134,"b:241:6:245:Infinity:243:13:245:Infinity":26,"s:241:6:245:Infinity":135,"b:241:10:241:32:241:32:241:57":27,"s:244:8:244:Infinity":136,"b:244:38:244:50:244:50:244:74":28,"s:247:6:247:Infinity":137,"s:248:6:248:Infinity":138,"f:252:11:252:24":27,"s:253:4:253:Infinity":139,"f:256:11:256:28":28,"s:257:17:257:Infinity":140,"b:258:4:258:Infinity:undefined:undefined:undefined:undefined":29,"s:258:4:258:Infinity":141,"s:258:15:258:Infinity":142,"b:260:4:263:Infinity:undefined:undefined:undefined:undefined":30,"s:260:4:263:Infinity":143,"s:261:6:261:Infinity":144,"s:262:6:262:Infinity":145,"s:265:19:265:Infinity":146,"s:266:4:268:Infinity":147,"f:266:11:266:21":29,"s:267:6:267:Infinity":148,"s:269:4:269:Infinity":149,"b:275:2:275:Infinity:undefined:undefined:undefined:undefined":31,"s:275:2:275:Infinity":150,"s:275:16:275:Infinity":151,"s:277:2:607:Infinity":152,"b:294:34:294:43:294:43:294:Infinity":32,"f:299:18:299:29":30,"s:299:35:299:Infinity":153,"f:304:18:304:33":31,"s:304:33:304:Infinity":154,"b:309:35:309:50:309:50:309:Infinity":33,"b:311:29:311:53:311:52:311:Infinity":34,"b:317:13:317:Infinity:318:14:328:Infinity":35,"b:319:16:323:25:323:18:328:Infinity":36,"b:321:100:321:140:321:140:321:Infinity":37,"b:321:36:321:67:321:67:321:100":38,"b:324:16:328:Infinity:328:18:328:Infinity":39,"b:336:12:345:21:345:12:416:Infinity":40,"b:335:11:335:36:335:36:335:Infinity":41,"b:339:16:341:17:341:16:343:Infinity":42,"f:345:21:345:28":32,"s:345:33:345:52":155,"f:345:54:345:59":33,"s:346:14:415:Infinity":156,"b:347:49:347:62:347:62:347:Infinity":43,"b:351:50:351:63:351:63:351:Infinity":44,"b:354:17:354:45:354:45:354:Infinity:355:18:372:Infinity":45,"b:362:36:362:47:362:47:362:109:362:109:363:Infinity":46,"b:375:52:375:71:375:71:375:Infinity":47,"b:376:47:376:56:376:56:376:Infinity":48,"b:378:54:378:77:378:77:378:Infinity":49,"b:379:48:379:57:379:57:379:Infinity":50,"b:382:44:382:150:382:150:382:Infinity":51,"b:385:20:395:27:395:20:403:Infinity":52,"b:386:24:387:47":53,"b:395:54:395:Infinity:396:22:403:Infinity":54,"f:397:48:397:53":34,"s:398:26:401:Infinity":157,"b:399:30:399:Infinity:401:30:401:Infinity":55,"b:409:19:409:47:409:47:409:Infinity:410:20:414:Infinity":56,"b:419:11:419:Infinity:420:12:422:Infinity":57,"b:425:11:425:Infinity:426:12:428:Infinity":58,"b:436:11:436:Infinity:437:12:450:11":59,"f:443:18:443:33":35,"s:443:33:443:Infinity":158,"f:458:62:458:77":36,"s:458:77:458:Infinity":159,"f:467:14:467:25":37,"s:467:31:467:Infinity":160,"f:468:14:468:26":38,"b:469:16:472:Infinity:undefined:undefined:undefined:undefined":60,"s:469:16:472:Infinity":161,"b:469:20:469:41:469:41:469:54":61,"s:470:18:470:Infinity":162,"s:471:18:471:Infinity":163,"b:476:14:480:15:480:14:482:Infinity":62,"b:480:102:480:119:480:119:480:Infinity":63,"b:494:11:494:Infinity:495:12:502:Infinity":64,"f:496:14:496:29":39,"s:496:31:496:57":164,"b:514:16:515:39:515:18:520:Infinity":65,"f:515:39:515:44":40,"s:516:16:519:Infinity":165,"b:517:110:517:121:517:121:517:159:517:159:517:168":66,"f:518:28:518:33":41,"s:518:55:518:95":166,"b:532:16:533:40:533:18:538:Infinity":67,"f:533:40:533:45":42,"s:534:16:537:Infinity":167,"b:535:110:535:121:535:121:535:159:535:159:535:168":68,"f:536:28:536:33":43,"s:536:55:536:95":168,"b:550:16:551:33:551:18:557:Infinity":69,"f:551:33:551:38":44,"s:552:16:556:Infinity":169,"b:553:110:553:121:553:121:553:159:553:159:553:168":70,"b:554:19:554:44:554:44:554:Infinity":71,"f:555:28:555:33":45,"s:555:55:555:95":170,"b:569:16:570:34:570:18:599:Infinity":72,"f:570:34:570:39":46,"s:571:16:598:Infinity":171,"b:572:110:572:121:572:121:572:159:572:159:572:168":73,"b:573:19:573:44:573:44:573:Infinity":74,"f:574:28:574:33":47,"s:575:36:575:Infinity":172,"s:576:39:576:Infinity":173,"s:577:39:577:Infinity":174,"b:577:49:577:67:577:67:577:Infinity":75,"b:577:80:577:92:577:92:577:Infinity":76,"s:578:20:595:Infinity":175,"b:582:26:591:27:591:26:595:Infinity":77,"b:584:38:584:57:584:57:584:59":78,"b:584:123:584:129:584:129:584:Infinity":79,"b:584:86:584:105:584:105:584:107":80,"b:587:38:587:57:587:57:587:59":81,"b:591:115:591:149:591:149:591:176":82,"b:591:267:591:285:591:285:591:310":83},"fnNames":{}}}
}
