{"/Users/carlosatta/Documents/lavoro/inebrio/routerly.ai/code/packages/dashboard/src/pages/project/ProjectRoutingTab.tsx": {"path":"/Users/carlosatta/Documents/lavoro/inebrio/routerly.ai/code/packages/dashboard/src/pages/project/ProjectRoutingTab.tsx","statementMap":{"0":{"start":{"line":18,"column":25},"end":{"line":18,"column":null}},"1":{"start":{"line":20,"column":46},"end":{"line":32,"column":null}},"2":{"start":{"line":34,"column":52},"end":{"line":46,"column":null}},"3":{"start":{"line":49,"column":19},"end":{"line":49,"column":null}},"4":{"start":{"line":50,"column":26},"end":{"line":50,"column":null}},"5":{"start":{"line":51,"column":18},"end":{"line":51,"column":null}},"6":{"start":{"line":52,"column":17},"end":{"line":52,"column":null}},"7":{"start":{"line":53,"column":16},"end":{"line":53,"column":null}},"8":{"start":{"line":54,"column":14},"end":{"line":54,"column":null}},"9":{"start":{"line":56,"column":19},"end":{"line":56,"column":null}},"10":{"start":{"line":57,"column":23},"end":{"line":57,"column":null}},"11":{"start":{"line":60,"column":23},"end":{"line":60,"column":null}},"12":{"start":{"line":63,"column":26},"end":{"line":63,"column":null}},"13":{"start":{"line":66,"column":26},"end":{"line":66,"column":null}},"14":{"start":{"line":69,"column":26},"end":{"line":69,"column":null}},"15":{"start":{"line":72,"column":27},"end":{"line":72,"column":null}},"16":{"start":{"line":75,"column":27},"end":{"line":75,"column":null}},"17":{"start":{"line":76,"column":27},"end":{"line":76,"column":null}},"18":{"start":{"line":77,"column":29},"end":{"line":77,"column":null}},"19":{"start":{"line":78,"column":29},"end":{"line":78,"column":null}},"20":{"start":{"line":79,"column":25},"end":{"line":79,"column":null}},"21":{"start":{"line":81,"column":2},"end":{"line":85,"column":null}},"22":{"start":{"line":82,"column":4},"end":{"line":84,"column":null}},"23":{"start":{"line":83,"column":17},"end":{"line":83,"column":38}},"24":{"start":{"line":84,"column":21},"end":{"line":84,"column":38}},"25":{"start":{"line":87,"column":2},"end":{"line":104,"column":null}},"26":{"start":{"line":106,"column":8},"end":{"line":123,"column":null}},"27":{"start":{"line":110,"column":26},"end":{"line":110,"column":null}},"28":{"start":{"line":111,"column":4},"end":{"line":111,"column":null}},"29":{"start":{"line":111,"column":50},"end":{"line":111,"column":null}},"30":{"start":{"line":112,"column":4},"end":{"line":117,"column":null}},"31":{"start":{"line":112,"column":17},"end":{"line":112,"column":20}},"32":{"start":{"line":113,"column":17},"end":{"line":113,"column":null}},"33":{"start":{"line":114,"column":17},"end":{"line":114,"column":null}},"34":{"start":{"line":115,"column":6},"end":{"line":115,"column":null}},"35":{"start":{"line":115,"column":60},"end":{"line":115,"column":null}},"36":{"start":{"line":116,"column":6},"end":{"line":116,"column":null}},"37":{"start":{"line":116,"column":79},"end":{"line":116,"column":null}},"38":{"start":{"line":119,"column":25},"end":{"line":119,"column":null}},"39":{"start":{"line":120,"column":4},"end":{"line":120,"column":null}},"40":{"start":{"line":120,"column":53},"end":{"line":120,"column":null}},"41":{"start":{"line":121,"column":4},"end":{"line":121,"column":null}},"42":{"start":{"line":121,"column":36},"end":{"line":121,"column":122}},"43":{"start":{"line":121,"column":125},"end":{"line":121,"column":null}},"44":{"start":{"line":122,"column":4},"end":{"line":122,"column":null}},"45":{"start":{"line":125,"column":30},"end":{"line":125,"column":null}},"46":{"start":{"line":129,"column":17},"end":{"line":129,"column":null}},"47":{"start":{"line":130,"column":4},"end":{"line":130,"column":null}},"48":{"start":{"line":130,"column":37},"end":{"line":130,"column":80}},"49":{"start":{"line":130,"column":59},"end":{"line":130,"column":80}},"50":{"start":{"line":131,"column":4},"end":{"line":131,"column":null}},"51":{"start":{"line":136,"column":19},"end":{"line":136,"column":null}},"52":{"start":{"line":137,"column":22},"end":{"line":137,"column":null}},"53":{"start":{"line":137,"column":41},"end":{"line":137,"column":82}},"54":{"start":{"line":138,"column":4},"end":{"line":138,"column":null}},"55":{"start":{"line":138,"column":20},"end":{"line":138,"column":null}},"56":{"start":{"line":139,"column":21},"end":{"line":139,"column":null}},"57":{"start":{"line":140,"column":4},"end":{"line":142,"column":null}},"58":{"start":{"line":141,"column":6},"end":{"line":141,"column":null}},"59":{"start":{"line":141,"column":51},"end":{"line":141,"column":null}},"60":{"start":{"line":143,"column":4},"end":{"line":143,"column":null}},"61":{"start":{"line":147,"column":25},"end":{"line":147,"column":null}},"62":{"start":{"line":147,"column":49},"end":{"line":147,"column":90}},"63":{"start":{"line":150,"column":22},"end":{"line":150,"column":null}},"64":{"start":{"line":151,"column":20},"end":{"line":151,"column":null}},"65":{"start":{"line":152,"column":16},"end":{"line":152,"column":null}},"66":{"start":{"line":155,"column":20},"end":{"line":155,"column":null}},"67":{"start":{"line":156,"column":17},"end":{"line":158,"column":null}},"68":{"start":{"line":157,"column":29},"end":{"line":157,"column":43}},"69":{"start":{"line":159,"column":4},"end":{"line":159,"column":null}},"70":{"start":{"line":160,"column":4},"end":{"line":160,"column":null}},"71":{"start":{"line":165,"column":20},"end":{"line":165,"column":null}},"72":{"start":{"line":166,"column":32},"end":{"line":166,"column":null}},"73":{"start":{"line":167,"column":16},"end":{"line":167,"column":null}},"74":{"start":{"line":168,"column":4},"end":{"line":168,"column":null}},"75":{"start":{"line":172,"column":4},"end":{"line":175,"column":null}},"76":{"start":{"line":179,"column":4},"end":{"line":179,"column":null}},"77":{"start":{"line":180,"column":4},"end":{"line":180,"column":null}},"78":{"start":{"line":181,"column":4},"end":{"line":184,"column":null}},"79":{"start":{"line":182,"column":17},"end":{"line":182,"column":null}},"80":{"start":{"line":183,"column":6},"end":{"line":183,"column":null}},"81":{"start":{"line":183,"column":14},"end":{"line":183,"column":null}},"82":{"start":{"line":188,"column":4},"end":{"line":188,"column":null}},"83":{"start":{"line":189,"column":4},"end":{"line":189,"column":null}},"84":{"start":{"line":189,"column":73},"end":{"line":189,"column":null}},"85":{"start":{"line":190,"column":16},"end":{"line":190,"column":null}},"86":{"start":{"line":191,"column":16},"end":{"line":191,"column":null}},"87":{"start":{"line":192,"column":17},"end":{"line":192,"column":null}},"88":{"start":{"line":193,"column":20},"end":{"line":193,"column":null}},"89":{"start":{"line":194,"column":4},"end":{"line":194,"column":null}},"90":{"start":{"line":195,"column":4},"end":{"line":195,"column":null}},"91":{"start":{"line":196,"column":4},"end":{"line":196,"column":null}},"92":{"start":{"line":197,"column":4},"end":{"line":197,"column":null}},"93":{"start":{"line":201,"column":4},"end":{"line":201,"column":null}},"94":{"start":{"line":202,"column":15},"end":{"line":202,"column":null}},"95":{"start":{"line":203,"column":4},"end":{"line":203,"column":null}},"96":{"start":{"line":203,"column":12},"end":{"line":203,"column":null}},"97":{"start":{"line":208,"column":20},"end":{"line":208,"column":null}},"98":{"start":{"line":209,"column":32},"end":{"line":209,"column":null}},"99":{"start":{"line":210,"column":4},"end":{"line":210,"column":null}},"100":{"start":{"line":214,"column":4},"end":{"line":217,"column":null}},"101":{"start":{"line":221,"column":4},"end":{"line":221,"column":null}},"102":{"start":{"line":222,"column":4},"end":{"line":222,"column":null}},"103":{"start":{"line":223,"column":4},"end":{"line":226,"column":null}},"104":{"start":{"line":224,"column":17},"end":{"line":224,"column":null}},"105":{"start":{"line":225,"column":6},"end":{"line":225,"column":null}},"106":{"start":{"line":225,"column":14},"end":{"line":225,"column":null}},"107":{"start":{"line":230,"column":4},"end":{"line":230,"column":null}},"108":{"start":{"line":231,"column":4},"end":{"line":231,"column":null}},"109":{"start":{"line":231,"column":73},"end":{"line":231,"column":null}},"110":{"start":{"line":232,"column":19},"end":{"line":232,"column":null}},"111":{"start":{"line":233,"column":16},"end":{"line":233,"column":null}},"112":{"start":{"line":234,"column":17},"end":{"line":234,"column":null}},"113":{"start":{"line":235,"column":20},"end":{"line":235,"column":null}},"114":{"start":{"line":236,"column":4},"end":{"line":236,"column":null}},"115":{"start":{"line":237,"column":4},"end":{"line":237,"column":null}},"116":{"start":{"line":238,"column":4},"end":{"line":238,"column":null}},"117":{"start":{"line":239,"column":4},"end":{"line":239,"column":null}},"118":{"start":{"line":243,"column":4},"end":{"line":243,"column":null}},"119":{"start":{"line":244,"column":15},"end":{"line":244,"column":null}},"120":{"start":{"line":245,"column":4},"end":{"line":245,"column":null}},"121":{"start":{"line":245,"column":12},"end":{"line":245,"column":null}},"122":{"start":{"line":255,"column":4},"end":{"line":255,"column":null}},"123":{"start":{"line":255,"column":24},"end":{"line":255,"column":119}},"124":{"start":{"line":255,"column":43},"end":{"line":255,"column":118}},"125":{"start":{"line":260,"column":4},"end":{"line":260,"column":null}},"126":{"start":{"line":261,"column":4},"end":{"line":261,"column":null}},"127":{"start":{"line":262,"column":4},"end":{"line":265,"column":null}},"128":{"start":{"line":263,"column":17},"end":{"line":263,"column":null}},"129":{"start":{"line":264,"column":6},"end":{"line":264,"column":null}},"130":{"start":{"line":264,"column":14},"end":{"line":264,"column":null}},"131":{"start":{"line":268,"column":4},"end":{"line":268,"column":null}},"132":{"start":{"line":269,"column":4},"end":{"line":269,"column":null}},"133":{"start":{"line":269,"column":69},"end":{"line":269,"column":null}},"134":{"start":{"line":270,"column":4},"end":{"line":276,"column":null}},"135":{"start":{"line":271,"column":19},"end":{"line":271,"column":null}},"136":{"start":{"line":272,"column":26},"end":{"line":272,"column":null}},"137":{"start":{"line":273,"column":6},"end":{"line":273,"column":null}},"138":{"start":{"line":274,"column":6},"end":{"line":274,"column":null}},"139":{"start":{"line":275,"column":6},"end":{"line":275,"column":null}},"140":{"start":{"line":277,"column":4},"end":{"line":277,"column":null}},"141":{"start":{"line":280,"column":4},"end":{"line":280,"column":null}},"142":{"start":{"line":281,"column":15},"end":{"line":281,"column":null}},"143":{"start":{"line":282,"column":4},"end":{"line":282,"column":null}},"144":{"start":{"line":282,"column":12},"end":{"line":282,"column":null}},"145":{"start":{"line":287,"column":20},"end":{"line":287,"column":null}},"146":{"start":{"line":287,"column":50},"end":{"line":287,"column":59}},"147":{"start":{"line":288,"column":27},"end":{"line":288,"column":null}},"148":{"start":{"line":288,"column":53},"end":{"line":288,"column":101}},"149":{"start":{"line":289,"column":4},"end":{"line":296,"column":null}},"150":{"start":{"line":289,"column":28},"end":{"line":296,"column":5}},"151":{"start":{"line":300,"column":4},"end":{"line":300,"column":null}},"152":{"start":{"line":300,"column":28},"end":{"line":300,"column":88}},"153":{"start":{"line":300,"column":47},"end":{"line":300,"column":87}},"154":{"start":{"line":304,"column":4},"end":{"line":304,"column":null}},"155":{"start":{"line":304,"column":28},"end":{"line":304,"column":60}},"156":{"start":{"line":304,"column":50},"end":{"line":304,"column":59}},"157":{"start":{"line":309,"column":10},"end":{"line":309,"column":null}},"158":{"start":{"line":309,"column":23},"end":{"line":309,"column":null}},"159":{"start":{"line":311,"column":4},"end":{"line":312,"column":null}},"160":{"start":{"line":311,"column":36},"end":{"line":311,"column":null}},"161":{"start":{"line":312,"column":9},"end":{"line":312,"column":null}},"162":{"start":{"line":312,"column":29},"end":{"line":312,"column":null}},"163":{"start":{"line":313,"column":4},"end":{"line":313,"column":null}},"164":{"start":{"line":313,"column":24},"end":{"line":313,"column":137}},"165":{"start":{"line":317,"column":4},"end":{"line":317,"column":null}},"166":{"start":{"line":317,"column":24},"end":{"line":317,"column":56}},"167":{"start":{"line":317,"column":46},"end":{"line":317,"column":55}},"168":{"start":{"line":322,"column":4},"end":{"line":322,"column":null}},"169":{"start":{"line":323,"column":4},"end":{"line":323,"column":null}},"170":{"start":{"line":324,"column":4},"end":{"line":327,"column":null}},"171":{"start":{"line":325,"column":17},"end":{"line":325,"column":null}},"172":{"start":{"line":326,"column":6},"end":{"line":326,"column":null}},"173":{"start":{"line":326,"column":14},"end":{"line":326,"column":null}},"174":{"start":{"line":330,"column":4},"end":{"line":330,"column":null}},"175":{"start":{"line":331,"column":4},"end":{"line":331,"column":null}},"176":{"start":{"line":331,"column":69},"end":{"line":331,"column":null}},"177":{"start":{"line":332,"column":4},"end":{"line":338,"column":null}},"178":{"start":{"line":333,"column":19},"end":{"line":333,"column":null}},"179":{"start":{"line":334,"column":26},"end":{"line":334,"column":null}},"180":{"start":{"line":335,"column":6},"end":{"line":335,"column":null}},"181":{"start":{"line":336,"column":6},"end":{"line":336,"column":null}},"182":{"start":{"line":337,"column":6},"end":{"line":337,"column":null}},"183":{"start":{"line":339,"column":4},"end":{"line":339,"column":null}},"184":{"start":{"line":342,"column":4},"end":{"line":342,"column":null}},"185":{"start":{"line":343,"column":15},"end":{"line":343,"column":null}},"186":{"start":{"line":344,"column":4},"end":{"line":344,"column":null}},"187":{"start":{"line":344,"column":12},"end":{"line":344,"column":null}},"188":{"start":{"line":352,"column":4},"end":{"line":352,"column":null}},"189":{"start":{"line":355,"column":22},"end":{"line":355,"column":null}},"190":{"start":{"line":355,"column":44},"end":{"line":355,"column":53}},"191":{"start":{"line":356,"column":4},"end":{"line":359,"column":null}},"192":{"start":{"line":357,"column":6},"end":{"line":357,"column":null}},"193":{"start":{"line":358,"column":6},"end":{"line":358,"column":null}},"194":{"start":{"line":361,"column":4},"end":{"line":361,"column":null}},"195":{"start":{"line":362,"column":4},"end":{"line":383,"column":null}},"196":{"start":{"line":363,"column":59},"end":{"line":374,"column":null}},"197":{"start":{"line":366,"column":42},"end":{"line":366,"column":null}},"198":{"start":{"line":367,"column":10},"end":{"line":367,"column":null}},"199":{"start":{"line":369,"column":39},"end":{"line":372,"column":10}},"200":{"start":{"line":375,"column":22},"end":{"line":375,"column":null}},"201":{"start":{"line":376,"column":6},"end":{"line":376,"column":null}},"202":{"start":{"line":377,"column":6},"end":{"line":377,"column":null}},"203":{"start":{"line":378,"column":6},"end":{"line":378,"column":null}},"204":{"start":{"line":378,"column":23},"end":{"line":378,"column":40}},"205":{"start":{"line":380,"column":6},"end":{"line":380,"column":null}},"206":{"start":{"line":382,"column":6},"end":{"line":382,"column":null}},"207":{"start":{"line":387,"column":4},"end":{"line":387,"column":null}},"208":{"start":{"line":388,"column":4},"end":{"line":388,"column":null}},"209":{"start":{"line":391,"column":29},"end":{"line":391,"column":null}},"210":{"start":{"line":391,"column":48},"end":{"line":391,"column":77}},"211":{"start":{"line":392,"column":31},"end":{"line":392,"column":null}},"212":{"start":{"line":392,"column":50},"end":{"line":392,"column":66}},"213":{"start":{"line":393,"column":26},"end":{"line":393,"column":null}},"214":{"start":{"line":395,"column":31},"end":{"line":395,"column":null}},"215":{"start":{"line":395,"column":50},"end":{"line":395,"column":91}},"216":{"start":{"line":396,"column":34},"end":{"line":396,"column":null}},"217":{"start":{"line":397,"column":26},"end":{"line":399,"column":null}},"218":{"start":{"line":401,"column":2},"end":{"line":404,"column":null}},"219":{"start":{"line":401,"column":15},"end":{"line":404,"column":null}},"220":{"start":{"line":407,"column":2},"end":{"line":1459,"column":null}},"221":{"start":{"line":421,"column":16},"end":{"line":1262,"column":null}},"222":{"start":{"line":425,"column":38},"end":{"line":425,"column":null}},"223":{"start":{"line":426,"column":38},"end":{"line":426,"column":null}},"224":{"start":{"line":427,"column":36},"end":{"line":427,"column":null}},"225":{"start":{"line":455,"column":37},"end":{"line":455,"column":null}},"226":{"start":{"line":471,"column":44},"end":{"line":471,"column":null}},"227":{"start":{"line":471,"column":92},"end":{"line":471,"column":102}},"228":{"start":{"line":472,"column":41},"end":{"line":475,"column":null}},"229":{"start":{"line":473,"column":43},"end":{"line":473,"column":61}},"230":{"start":{"line":474,"column":46},"end":{"line":474,"column":70}},"231":{"start":{"line":475,"column":41},"end":{"line":475,"column":70}},"232":{"start":{"line":476,"column":28},"end":{"line":516,"column":null}},"233":{"start":{"line":481,"column":50},"end":{"line":481,"column":null}},"234":{"start":{"line":482,"column":50},"end":{"line":482,"column":null}},"235":{"start":{"line":483,"column":48},"end":{"line":483,"column":null}},"236":{"start":{"line":493,"column":48},"end":{"line":493,"column":null}},"237":{"start":{"line":494,"column":49},"end":{"line":494,"column":null}},"238":{"start":{"line":495,"column":36},"end":{"line":495,"column":null}},"239":{"start":{"line":496,"column":36},"end":{"line":496,"column":null}},"240":{"start":{"line":509,"column":48},"end":{"line":509,"column":null}},"241":{"start":{"line":509,"column":88},"end":{"line":509,"column":98}},"242":{"start":{"line":510,"column":36},"end":{"line":510,"column":null}},"243":{"start":{"line":523,"column":44},"end":{"line":523,"column":null}},"244":{"start":{"line":524,"column":47},"end":{"line":524,"column":null}},"245":{"start":{"line":524,"column":73},"end":{"line":524,"column":91}},"246":{"start":{"line":525,"column":28},"end":{"line":525,"column":null}},"247":{"start":{"line":525,"column":44},"end":{"line":525,"column":null}},"248":{"start":{"line":527,"column":64},"end":{"line":527,"column":106}},"249":{"start":{"line":528,"column":320},"end":{"line":528,"column":362}},"250":{"start":{"line":540,"column":46},"end":{"line":540,"column":null}},"251":{"start":{"line":541,"column":30},"end":{"line":541,"column":null}},"252":{"start":{"line":558,"column":45},"end":{"line":558,"column":null}},"253":{"start":{"line":561,"column":48},"end":{"line":561,"column":null}},"254":{"start":{"line":572,"column":42},"end":{"line":572,"column":null}},"255":{"start":{"line":573,"column":28},"end":{"line":577,"column":null}},"256":{"start":{"line":574,"column":43},"end":{"line":574,"column":null}},"257":{"start":{"line":575,"column":30},"end":{"line":575,"column":null}},"258":{"start":{"line":576,"column":30},"end":{"line":576,"column":null}},"259":{"start":{"line":590,"column":51},"end":{"line":590,"column":null}},"260":{"start":{"line":608,"column":51},"end":{"line":608,"column":null}},"261":{"start":{"line":621,"column":51},"end":{"line":621,"column":null}},"262":{"start":{"line":636,"column":51},"end":{"line":636,"column":null}},"263":{"start":{"line":658,"column":46},"end":{"line":658,"column":null}},"264":{"start":{"line":659,"column":36},"end":{"line":659,"column":null}},"265":{"start":{"line":662,"column":46},"end":{"line":662,"column":null}},"266":{"start":{"line":663,"column":36},"end":{"line":663,"column":null}},"267":{"start":{"line":663,"column":68},"end":{"line":663,"column":null}},"268":{"start":{"line":665,"column":52},"end":{"line":665,"column":null}},"269":{"start":{"line":685,"column":46},"end":{"line":685,"column":null}},"270":{"start":{"line":686,"column":36},"end":{"line":686,"column":null}},"271":{"start":{"line":688,"column":52},"end":{"line":688,"column":null}},"272":{"start":{"line":707,"column":46},"end":{"line":707,"column":null}},"273":{"start":{"line":708,"column":30},"end":{"line":713,"column":null}},"274":{"start":{"line":715,"column":46},"end":{"line":715,"column":null}},"275":{"start":{"line":724,"column":32},"end":{"line":729,"column":null}},"276":{"start":{"line":725,"column":44},"end":{"line":725,"column":null}},"277":{"start":{"line":726,"column":56},"end":{"line":726,"column":null}},"278":{"start":{"line":727,"column":40},"end":{"line":727,"column":null}},"279":{"start":{"line":728,"column":28},"end":{"line":728,"column":null}},"280":{"start":{"line":730,"column":32},"end":{"line":738,"column":null}},"281":{"start":{"line":731,"column":28},"end":{"line":737,"column":null}},"282":{"start":{"line":739,"column":26},"end":{"line":839,"column":null}},"283":{"start":{"line":747,"column":60},"end":{"line":747,"column":null}},"284":{"start":{"line":747,"column":88},"end":{"line":747,"column":122}},"285":{"start":{"line":748,"column":52},"end":{"line":748,"column":null}},"286":{"start":{"line":748,"column":91},"end":{"line":748,"column":101}},"287":{"start":{"line":749,"column":49},"end":{"line":752,"column":null}},"288":{"start":{"line":750,"column":51},"end":{"line":750,"column":69}},"289":{"start":{"line":751,"column":54},"end":{"line":751,"column":78}},"290":{"start":{"line":752,"column":49},"end":{"line":752,"column":78}},"291":{"start":{"line":753,"column":36},"end":{"line":779,"column":null}},"292":{"start":{"line":759,"column":57},"end":{"line":759,"column":null}},"293":{"start":{"line":760,"column":44},"end":{"line":760,"column":null}},"294":{"start":{"line":761,"column":44},"end":{"line":761,"column":null}},"295":{"start":{"line":773,"column":57},"end":{"line":773,"column":null}},"296":{"start":{"line":773,"column":105},"end":{"line":773,"column":115}},"297":{"start":{"line":774,"column":60},"end":{"line":774,"column":null}},"298":{"start":{"line":786,"column":60},"end":{"line":786,"column":null}},"299":{"start":{"line":786,"column":88},"end":{"line":786,"column":122}},"300":{"start":{"line":787,"column":52},"end":{"line":787,"column":null}},"301":{"start":{"line":788,"column":55},"end":{"line":788,"column":null}},"302":{"start":{"line":788,"column":81},"end":{"line":788,"column":99}},"303":{"start":{"line":789,"column":36},"end":{"line":789,"column":null}},"304":{"start":{"line":789,"column":52},"end":{"line":789,"column":null}},"305":{"start":{"line":791,"column":72},"end":{"line":791,"column":143}},"306":{"start":{"line":792,"column":52},"end":{"line":792,"column":null}},"307":{"start":{"line":808,"column":51},"end":{"line":808,"column":null}},"308":{"start":{"line":809,"column":54},"end":{"line":809,"column":null}},"309":{"start":{"line":820,"column":51},"end":{"line":820,"column":null}},"310":{"start":{"line":821,"column":54},"end":{"line":821,"column":null}},"311":{"start":{"line":830,"column":49},"end":{"line":830,"column":null}},"312":{"start":{"line":831,"column":52},"end":{"line":831,"column":null}},"313":{"start":{"line":856,"column":52},"end":{"line":856,"column":null}},"314":{"start":{"line":856,"column":80},"end":{"line":856,"column":114}},"315":{"start":{"line":857,"column":44},"end":{"line":857,"column":null}},"316":{"start":{"line":857,"column":92},"end":{"line":857,"column":102}},"317":{"start":{"line":858,"column":41},"end":{"line":861,"column":null}},"318":{"start":{"line":859,"column":43},"end":{"line":859,"column":61}},"319":{"start":{"line":860,"column":46},"end":{"line":860,"column":70}},"320":{"start":{"line":861,"column":41},"end":{"line":861,"column":70}},"321":{"start":{"line":862,"column":28},"end":{"line":902,"column":null}},"322":{"start":{"line":867,"column":50},"end":{"line":867,"column":null}},"323":{"start":{"line":868,"column":50},"end":{"line":868,"column":null}},"324":{"start":{"line":869,"column":48},"end":{"line":869,"column":null}},"325":{"start":{"line":879,"column":48},"end":{"line":879,"column":null}},"326":{"start":{"line":880,"column":49},"end":{"line":880,"column":null}},"327":{"start":{"line":881,"column":36},"end":{"line":881,"column":null}},"328":{"start":{"line":882,"column":36},"end":{"line":882,"column":null}},"329":{"start":{"line":895,"column":48},"end":{"line":895,"column":null}},"330":{"start":{"line":895,"column":88},"end":{"line":895,"column":98}},"331":{"start":{"line":896,"column":36},"end":{"line":896,"column":null}},"332":{"start":{"line":909,"column":52},"end":{"line":909,"column":null}},"333":{"start":{"line":909,"column":80},"end":{"line":909,"column":114}},"334":{"start":{"line":910,"column":44},"end":{"line":910,"column":null}},"335":{"start":{"line":911,"column":47},"end":{"line":911,"column":null}},"336":{"start":{"line":911,"column":73},"end":{"line":911,"column":91}},"337":{"start":{"line":912,"column":28},"end":{"line":912,"column":null}},"338":{"start":{"line":912,"column":44},"end":{"line":912,"column":null}},"339":{"start":{"line":914,"column":64},"end":{"line":914,"column":144}},"340":{"start":{"line":915,"column":320},"end":{"line":915,"column":400}},"341":{"start":{"line":929,"column":47},"end":{"line":929,"column":null}},"342":{"start":{"line":930,"column":47},"end":{"line":930,"column":null}},"343":{"start":{"line":931,"column":28},"end":{"line":1092,"column":null}},"344":{"start":{"line":949,"column":49},"end":{"line":953,"column":null}},"345":{"start":{"line":950,"column":49},"end":{"line":950,"column":null}},"346":{"start":{"line":951,"column":36},"end":{"line":951,"column":null}},"347":{"start":{"line":952,"column":36},"end":{"line":952,"column":null}},"348":{"start":{"line":966,"column":38},"end":{"line":966,"column":null}},"349":{"start":{"line":967,"column":54},"end":{"line":967,"column":null}},"350":{"start":{"line":968,"column":38},"end":{"line":968,"column":null}},"351":{"start":{"line":969,"column":38},"end":{"line":969,"column":null}},"352":{"start":{"line":987,"column":55},"end":{"line":987,"column":null}},"353":{"start":{"line":988,"column":51},"end":{"line":988,"column":null}},"354":{"start":{"line":989,"column":54},"end":{"line":989,"column":null}},"355":{"start":{"line":990,"column":54},"end":{"line":990,"column":null}},"356":{"start":{"line":991,"column":53},"end":{"line":991,"column":null}},"357":{"start":{"line":992,"column":38},"end":{"line":1060,"column":null}},"358":{"start":{"line":995,"column":44},"end":{"line":1040,"column":null}},"359":{"start":{"line":995,"column":281},"end":{"line":995,"column":342}},"360":{"start":{"line":995,"column":366},"end":{"line":995,"column":416}},"361":{"start":{"line":1001,"column":66},"end":{"line":1001,"column":null}},"362":{"start":{"line":1002,"column":62},"end":{"line":1002,"column":null}},"363":{"start":{"line":1003,"column":50},"end":{"line":1003,"column":null}},"364":{"start":{"line":1003,"column":60},"end":{"line":1003,"column":null}},"365":{"start":{"line":1004,"column":70},"end":{"line":1004,"column":null}},"366":{"start":{"line":1005,"column":50},"end":{"line":1005,"column":null}},"367":{"start":{"line":1006,"column":50},"end":{"line":1006,"column":null}},"368":{"start":{"line":1007,"column":50},"end":{"line":1007,"column":null}},"369":{"start":{"line":1009,"column":66},"end":{"line":1009,"column":null}},"370":{"start":{"line":1010,"column":66},"end":{"line":1010,"column":109}},"371":{"start":{"line":1010,"column":89},"end":{"line":1010,"column":109}},"372":{"start":{"line":1023,"column":64},"end":{"line":1023,"column":117}},"373":{"start":{"line":1024,"column":63},"end":{"line":1024,"column":114}},"374":{"start":{"line":1029,"column":66},"end":{"line":1029,"column":null}},"375":{"start":{"line":1030,"column":62},"end":{"line":1030,"column":null}},"376":{"start":{"line":1031,"column":50},"end":{"line":1031,"column":null}},"377":{"start":{"line":1031,"column":60},"end":{"line":1031,"column":null}},"378":{"start":{"line":1032,"column":50},"end":{"line":1032,"column":null}},"379":{"start":{"line":1032,"column":122},"end":{"line":1032,"column":133}},"380":{"start":{"line":1033,"column":50},"end":{"line":1033,"column":null}},"381":{"start":{"line":1045,"column":61},"end":{"line":1045,"column":null}},"382":{"start":{"line":1045,"column":88},"end":{"line":1045,"column":117}},"383":{"start":{"line":1054,"column":61},"end":{"line":1054,"column":null}},"384":{"start":{"line":1054,"column":100},"end":{"line":1054,"column":115}},"385":{"start":{"line":1054,"column":115},"end":{"line":1054,"column":137}},"386":{"start":{"line":1054,"column":137},"end":{"line":1054,"column":147}},"387":{"start":{"line":1070,"column":55},"end":{"line":1070,"column":null}},"388":{"start":{"line":1070,"column":84},"end":{"line":1070,"column":126}},"389":{"start":{"line":1071,"column":58},"end":{"line":1071,"column":null}},"390":{"start":{"line":1073,"column":42},"end":{"line":1085,"column":null}},"391":{"start":{"line":1074,"column":44},"end":{"line":1074,"column":null}},"392":{"start":{"line":1075,"column":57},"end":{"line":1075,"column":null}},"393":{"start":{"line":1076,"column":44},"end":{"line":1076,"column":null}},"394":{"start":{"line":1076,"column":55},"end":{"line":1076,"column":null}},"395":{"start":{"line":1077,"column":60},"end":{"line":1077,"column":null}},"396":{"start":{"line":1078,"column":56},"end":{"line":1078,"column":null}},"397":{"start":{"line":1079,"column":44},"end":{"line":1079,"column":null}},"398":{"start":{"line":1079,"column":54},"end":{"line":1079,"column":null}},"399":{"start":{"line":1080,"column":44},"end":{"line":1080,"column":null}},"400":{"start":{"line":1081,"column":44},"end":{"line":1081,"column":null}},"401":{"start":{"line":1082,"column":44},"end":{"line":1082,"column":null}},"402":{"start":{"line":1082,"column":73},"end":{"line":1082,"column":103}},"403":{"start":{"line":1083,"column":49},"end":{"line":1085,"column":null}},"404":{"start":{"line":1084,"column":44},"end":{"line":1084,"column":null}},"405":{"start":{"line":1084,"column":73},"end":{"line":1084,"column":103}},"406":{"start":{"line":1101,"column":45},"end":{"line":1101,"column":null}},"407":{"start":{"line":1101,"column":73},"end":{"line":1101,"column":108}},"408":{"start":{"line":1102,"column":48},"end":{"line":1102,"column":null}},"409":{"start":{"line":1104,"column":32},"end":{"line":1117,"column":null}},"410":{"start":{"line":1105,"column":46},"end":{"line":1105,"column":null}},"411":{"start":{"line":1106,"column":34},"end":{"line":1106,"column":null}},"412":{"start":{"line":1106,"column":52},"end":{"line":1106,"column":null}},"413":{"start":{"line":1107,"column":46},"end":{"line":1107,"column":null}},"414":{"start":{"line":1108,"column":50},"end":{"line":1108,"column":null}},"415":{"start":{"line":1109,"column":34},"end":{"line":1113,"column":null}},"416":{"start":{"line":1110,"column":36},"end":{"line":1110,"column":null}},"417":{"start":{"line":1111,"column":36},"end":{"line":1111,"column":null}},"418":{"start":{"line":1112,"column":36},"end":{"line":1112,"column":null}},"419":{"start":{"line":1112,"column":63},"end":{"line":1112,"column":85}},"420":{"start":{"line":1114,"column":34},"end":{"line":1114,"column":null}},"421":{"start":{"line":1114,"column":62},"end":{"line":1114,"column":85}},"422":{"start":{"line":1115,"column":39},"end":{"line":1117,"column":null}},"423":{"start":{"line":1116,"column":34},"end":{"line":1116,"column":null}},"424":{"start":{"line":1116,"column":62},"end":{"line":1116,"column":85}},"425":{"start":{"line":1120,"column":44},"end":{"line":1120,"column":null}},"426":{"start":{"line":1121,"column":32},"end":{"line":1129,"column":null}},"427":{"start":{"line":1122,"column":46},"end":{"line":1122,"column":null}},"428":{"start":{"line":1123,"column":50},"end":{"line":1123,"column":null}},"429":{"start":{"line":1124,"column":34},"end":{"line":1128,"column":null}},"430":{"start":{"line":1125,"column":36},"end":{"line":1125,"column":null}},"431":{"start":{"line":1126,"column":36},"end":{"line":1126,"column":null}},"432":{"start":{"line":1127,"column":36},"end":{"line":1127,"column":null}},"433":{"start":{"line":1127,"column":63},"end":{"line":1127,"column":85}},"434":{"start":{"line":1130,"column":32},"end":{"line":1130,"column":null}},"435":{"start":{"line":1130,"column":60},"end":{"line":1130,"column":83}},"436":{"start":{"line":1146,"column":42},"end":{"line":1146,"column":null}},"437":{"start":{"line":1147,"column":28},"end":{"line":1151,"column":null}},"438":{"start":{"line":1148,"column":43},"end":{"line":1148,"column":null}},"439":{"start":{"line":1149,"column":30},"end":{"line":1149,"column":null}},"440":{"start":{"line":1150,"column":30},"end":{"line":1150,"column":null}},"441":{"start":{"line":1168,"column":49},"end":{"line":1168,"column":null}},"442":{"start":{"line":1169,"column":52},"end":{"line":1169,"column":null}},"443":{"start":{"line":1186,"column":49},"end":{"line":1186,"column":null}},"444":{"start":{"line":1187,"column":52},"end":{"line":1187,"column":null}},"445":{"start":{"line":1211,"column":41},"end":{"line":1211,"column":null}},"446":{"start":{"line":1225,"column":41},"end":{"line":1225,"column":null}},"447":{"start":{"line":1240,"column":43},"end":{"line":1240,"column":null}},"448":{"start":{"line":1252,"column":40},"end":{"line":1252,"column":null}},"449":{"start":{"line":1253,"column":30},"end":{"line":1253,"column":null}},"450":{"start":{"line":1276,"column":31},"end":{"line":1276,"column":64}},"451":{"start":{"line":1276,"column":51},"end":{"line":1276,"column":63}},"452":{"start":{"line":1277,"column":29},"end":{"line":1281,"column":20}},"453":{"start":{"line":1285,"column":54},"end":{"line":1285,"column":86}},"454":{"start":{"line":1285,"column":73},"end":{"line":1285,"column":85}},"455":{"start":{"line":1305,"column":14},"end":{"line":1404,"column":null}},"456":{"start":{"line":1309,"column":36},"end":{"line":1309,"column":null}},"457":{"start":{"line":1310,"column":36},"end":{"line":1310,"column":null}},"458":{"start":{"line":1311,"column":34},"end":{"line":1311,"column":null}},"459":{"start":{"line":1334,"column":37},"end":{"line":1334,"column":null}},"460":{"start":{"line":1337,"column":37},"end":{"line":1337,"column":131}},"461":{"start":{"line":1338,"column":40},"end":{"line":1338,"column":64}},"462":{"start":{"line":1339,"column":35},"end":{"line":1339,"column":64}},"463":{"start":{"line":1347,"column":42},"end":{"line":1347,"column":null}},"464":{"start":{"line":1348,"column":42},"end":{"line":1348,"column":null}},"465":{"start":{"line":1354,"column":39},"end":{"line":1354,"column":null}},"466":{"start":{"line":1367,"column":41},"end":{"line":1367,"column":null}},"467":{"start":{"line":1368,"column":26},"end":{"line":1386,"column":null}},"468":{"start":{"line":1372,"column":45},"end":{"line":1372,"column":null}},"469":{"start":{"line":1397,"column":35},"end":{"line":1397,"column":null}},"470":{"start":{"line":1417,"column":50},"end":{"line":1417,"column":123}},"471":{"start":{"line":1417,"column":104},"end":{"line":1417,"column":122}},"472":{"start":{"line":1424,"column":51},"end":{"line":1424,"column":94}},"473":{"start":{"line":1424,"column":75},"end":{"line":1424,"column":93}},"474":{"start":{"line":1427,"column":14},"end":{"line":1427,"column":null}},"475":{"start":{"line":1428,"column":14},"end":{"line":1428,"column":null}},"476":{"start":{"line":1431,"column":14},"end":{"line":1431,"column":null}},"477":{"start":{"line":1432,"column":14},"end":{"line":1432,"column":null}},"478":{"start":{"line":1444,"column":27},"end":{"line":1444,"column":null}}},"fnMap":{"0":{"name":"ProjectRoutingTab","decl":{"start":{"line":48,"column":16},"end":{"line":48,"column":36}},"loc":{"start":{"line":48,"column":36},"end":{"line":1461,"column":null}},"line":48},"1":{"name":"(anonymous_1)","decl":{"start":{"line":81,"column":2},"end":{"line":81,"column":18}},"loc":{"start":{"line":81,"column":18},"end":{"line":85,"column":5}},"line":81},"2":{"name":"(anonymous_2)","decl":{"start":{"line":83,"column":7},"end":{"line":83,"column":12}},"loc":{"start":{"line":83,"column":17},"end":{"line":83,"column":38}},"line":83},"3":{"name":"(anonymous_3)","decl":{"start":{"line":84,"column":7},"end":{"line":84,"column":21}},"loc":{"start":{"line":84,"column":21},"end":{"line":84,"column":38}},"line":84},"4":{"name":"(anonymous_4)","decl":{"start":{"line":87,"column":2},"end":{"line":87,"column":18}},"loc":{"start":{"line":87,"column":18},"end":{"line":104,"column":5}},"line":87},"5":{"name":"(anonymous_5)","decl":{"start":{"line":106,"column":8},"end":{"line":106,"column":25}},"loc":{"start":{"line":106,"column":25},"end":{"line":123,"column":5}},"line":106},"6":{"name":"(anonymous_6)","decl":{"start":{"line":121,"column":21},"end":{"line":121,"column":27}},"loc":{"start":{"line":121,"column":36},"end":{"line":121,"column":122}},"line":121},"7":{"name":"getUsedTargetModelIds","decl":{"start":{"line":128,"column":11},"end":{"line":128,"column":33}},"loc":{"start":{"line":128,"column":66},"end":{"line":132,"column":null}},"line":128},"8":{"name":"(anonymous_8)","decl":{"start":{"line":130,"column":17},"end":{"line":130,"column":26}},"loc":{"start":{"line":130,"column":35},"end":{"line":130,"column":81}},"line":130},"9":{"name":"getIntentsForModel","decl":{"start":{"line":135,"column":11},"end":{"line":135,"column":30}},"loc":{"start":{"line":135,"column":60},"end":{"line":144,"column":null}},"line":135},"10":{"name":"(anonymous_10)","decl":{"start":{"line":137,"column":31},"end":{"line":137,"column":36}},"loc":{"start":{"line":137,"column":41},"end":{"line":137,"column":82}},"line":137},"11":{"name":"toggleIntentForModel","decl":{"start":{"line":146,"column":11},"end":{"line":146,"column":32}},"loc":{"start":{"line":146,"column":68},"end":{"line":161,"column":null}},"line":146},"12":{"name":"(anonymous_12)","decl":{"start":{"line":147,"column":34},"end":{"line":147,"column":44}},"loc":{"start":{"line":147,"column":49},"end":{"line":147,"column":90}},"line":147},"13":{"name":"(anonymous_13)","decl":{"start":{"line":157,"column":16},"end":{"line":157,"column":23}},"loc":{"start":{"line":157,"column":29},"end":{"line":157,"column":43}},"line":157},"14":{"name":"getSemModelIds","decl":{"start":{"line":164,"column":11},"end":{"line":164,"column":26}},"loc":{"start":{"line":164,"column":56},"end":{"line":169,"column":null}},"line":164},"15":{"name":"setSemModelIds","decl":{"start":{"line":171,"column":11},"end":{"line":171,"column":26}},"loc":{"start":{"line":171,"column":63},"end":{"line":176,"column":null}},"line":171},"16":{"name":"onDragStartSemModel","decl":{"start":{"line":178,"column":11},"end":{"line":178,"column":31}},"loc":{"start":{"line":178,"column":65},"end":{"line":185,"column":null}},"line":178},"17":{"name":"(anonymous_17)","decl":{"start":{"line":181,"column":4},"end":{"line":181,"column":21}},"loc":{"start":{"line":181,"column":21},"end":{"line":184,"column":7}},"line":181},"18":{"name":"onDragEnterSemModel","decl":{"start":{"line":187,"column":11},"end":{"line":187,"column":31}},"loc":{"start":{"line":187,"column":89},"end":{"line":198,"column":null}},"line":187},"19":{"name":"onDragEndSemModel","decl":{"start":{"line":200,"column":11},"end":{"line":200,"column":29}},"loc":{"start":{"line":200,"column":64},"end":{"line":204,"column":null}},"line":200},"20":{"name":"getLlmModelIds","decl":{"start":{"line":207,"column":11},"end":{"line":207,"column":26}},"loc":{"start":{"line":207,"column":56},"end":{"line":211,"column":null}},"line":207},"21":{"name":"setLlmModelIds","decl":{"start":{"line":213,"column":11},"end":{"line":213,"column":26}},"loc":{"start":{"line":213,"column":63},"end":{"line":218,"column":null}},"line":213},"22":{"name":"onDragStartLlmModel","decl":{"start":{"line":220,"column":11},"end":{"line":220,"column":31}},"loc":{"start":{"line":220,"column":65},"end":{"line":227,"column":null}},"line":220},"23":{"name":"(anonymous_23)","decl":{"start":{"line":223,"column":4},"end":{"line":223,"column":21}},"loc":{"start":{"line":223,"column":21},"end":{"line":226,"column":7}},"line":223},"24":{"name":"onDragEnterLlmModel","decl":{"start":{"line":229,"column":11},"end":{"line":229,"column":31}},"loc":{"start":{"line":229,"column":89},"end":{"line":240,"column":null}},"line":229},"25":{"name":"onDragEndLlmModel","decl":{"start":{"line":242,"column":11},"end":{"line":242,"column":29}},"loc":{"start":{"line":242,"column":64},"end":{"line":246,"column":null}},"line":242},"26":{"name":"updatePolicyConfig","decl":{"start":{"line":254,"column":11},"end":{"line":254,"column":30}},"loc":{"start":{"line":254,"column":63},"end":{"line":256,"column":null}},"line":254},"27":{"name":"(anonymous_27)","decl":{"start":{"line":255,"column":4},"end":{"line":255,"column":16}},"loc":{"start":{"line":255,"column":24},"end":{"line":255,"column":119}},"line":255},"28":{"name":"(anonymous_28)","decl":{"start":{"line":255,"column":29},"end":{"line":255,"column":34}},"loc":{"start":{"line":255,"column":43},"end":{"line":255,"column":118}},"line":255},"29":{"name":"onDragStartPolicy","decl":{"start":{"line":259,"column":11},"end":{"line":259,"column":29}},"loc":{"start":{"line":259,"column":62},"end":{"line":266,"column":null}},"line":259},"30":{"name":"(anonymous_30)","decl":{"start":{"line":262,"column":4},"end":{"line":262,"column":21}},"loc":{"start":{"line":262,"column":21},"end":{"line":265,"column":7}},"line":262},"31":{"name":"onDragEnterPolicy","decl":{"start":{"line":267,"column":11},"end":{"line":267,"column":29}},"loc":{"start":{"line":267,"column":68},"end":{"line":278,"column":null}},"line":267},"32":{"name":"(anonymous_32)","decl":{"start":{"line":270,"column":4},"end":{"line":270,"column":16}},"loc":{"start":{"line":270,"column":24},"end":{"line":276,"column":5}},"line":270},"33":{"name":"onDragEndPolicy","decl":{"start":{"line":279,"column":11},"end":{"line":279,"column":27}},"loc":{"start":{"line":279,"column":60},"end":{"line":283,"column":null}},"line":279},"34":{"name":"addTargetModel","decl":{"start":{"line":286,"column":11},"end":{"line":286,"column":28}},"loc":{"start":{"line":286,"column":28},"end":{"line":297,"column":null}},"line":286},"35":{"name":"(anonymous_35)","decl":{"start":{"line":287,"column":41},"end":{"line":287,"column":45}},"loc":{"start":{"line":287,"column":50},"end":{"line":287,"column":59}},"line":287},"36":{"name":"(anonymous_36)","decl":{"start":{"line":288,"column":43},"end":{"line":288,"column":48}},"loc":{"start":{"line":288,"column":53},"end":{"line":288,"column":101}},"line":288},"37":{"name":"(anonymous_37)","decl":{"start":{"line":289,"column":4},"end":{"line":289,"column":20}},"loc":{"start":{"line":289,"column":28},"end":{"line":296,"column":5}},"line":289},"38":{"name":"updateTargetModel","decl":{"start":{"line":299,"column":11},"end":{"line":299,"column":29}},"loc":{"start":{"line":299,"column":83},"end":{"line":301,"column":null}},"line":299},"39":{"name":"(anonymous_39)","decl":{"start":{"line":300,"column":4},"end":{"line":300,"column":20}},"loc":{"start":{"line":300,"column":28},"end":{"line":300,"column":88}},"line":300},"40":{"name":"(anonymous_40)","decl":{"start":{"line":300,"column":33},"end":{"line":300,"column":38}},"loc":{"start":{"line":300,"column":47},"end":{"line":300,"column":87}},"line":300},"41":{"name":"removeTargetModel","decl":{"start":{"line":303,"column":11},"end":{"line":303,"column":29}},"loc":{"start":{"line":303,"column":42},"end":{"line":305,"column":null}},"line":303},"42":{"name":"(anonymous_42)","decl":{"start":{"line":304,"column":4},"end":{"line":304,"column":20}},"loc":{"start":{"line":304,"column":28},"end":{"line":304,"column":60}},"line":304},"43":{"name":"(anonymous_43)","decl":{"start":{"line":304,"column":33},"end":{"line":304,"column":41}},"loc":{"start":{"line":304,"column":50},"end":{"line":304,"column":59}},"line":304},"44":{"name":"addPolicy","decl":{"start":{"line":308,"column":11},"end":{"line":308,"column":21}},"loc":{"start":{"line":308,"column":35},"end":{"line":314,"column":null}},"line":308},"45":{"name":"(anonymous_45)","decl":{"start":{"line":309,"column":10},"end":{"line":309,"column":23}},"loc":{"start":{"line":309,"column":23},"end":{"line":309,"column":null}},"line":309},"46":{"name":"(anonymous_46)","decl":{"start":{"line":313,"column":4},"end":{"line":313,"column":16}},"loc":{"start":{"line":313,"column":24},"end":{"line":313,"column":137}},"line":313},"47":{"name":"removePolicy","decl":{"start":{"line":316,"column":11},"end":{"line":316,"column":24}},"loc":{"start":{"line":316,"column":37},"end":{"line":318,"column":null}},"line":316},"48":{"name":"(anonymous_48)","decl":{"start":{"line":317,"column":4},"end":{"line":317,"column":16}},"loc":{"start":{"line":317,"column":24},"end":{"line":317,"column":56}},"line":317},"49":{"name":"(anonymous_49)","decl":{"start":{"line":317,"column":29},"end":{"line":317,"column":37}},"loc":{"start":{"line":317,"column":46},"end":{"line":317,"column":55}},"line":317},"50":{"name":"onDragStartTarget","decl":{"start":{"line":321,"column":11},"end":{"line":321,"column":29}},"loc":{"start":{"line":321,"column":62},"end":{"line":328,"column":null}},"line":321},"51":{"name":"(anonymous_51)","decl":{"start":{"line":324,"column":4},"end":{"line":324,"column":21}},"loc":{"start":{"line":324,"column":21},"end":{"line":327,"column":7}},"line":324},"52":{"name":"onDragEnterTarget","decl":{"start":{"line":329,"column":11},"end":{"line":329,"column":29}},"loc":{"start":{"line":329,"column":68},"end":{"line":340,"column":null}},"line":329},"53":{"name":"(anonymous_53)","decl":{"start":{"line":332,"column":4},"end":{"line":332,"column":20}},"loc":{"start":{"line":332,"column":28},"end":{"line":338,"column":5}},"line":332},"54":{"name":"onDragEndTarget","decl":{"start":{"line":341,"column":11},"end":{"line":341,"column":27}},"loc":{"start":{"line":341,"column":60},"end":{"line":345,"column":null}},"line":341},"55":{"name":"doSave","decl":{"start":{"line":349,"column":17},"end":{"line":349,"column":26}},"loc":{"start":{"line":349,"column":26},"end":{"line":384,"column":null}},"line":349},"56":{"name":"(anonymous_56)","decl":{"start":{"line":355,"column":35},"end":{"line":355,"column":39}},"loc":{"start":{"line":355,"column":44},"end":{"line":355,"column":53}},"line":355},"57":{"name":"(anonymous_57)","decl":{"start":{"line":365,"column":27},"end":{"line":365,"column":31}},"loc":{"start":{"line":365,"column":36},"end":{"line":368,"column":9}},"line":365},"58":{"name":"(anonymous_58)","decl":{"start":{"line":369,"column":29},"end":{"line":369,"column":33}},"loc":{"start":{"line":369,"column":39},"end":{"line":372,"column":10}},"line":369},"59":{"name":"(anonymous_59)","decl":{"start":{"line":378,"column":6},"end":{"line":378,"column":23}},"loc":{"start":{"line":378,"column":23},"end":{"line":378,"column":40}},"line":378},"60":{"name":"handleSubmit","decl":{"start":{"line":386,"column":11},"end":{"line":386,"column":24}},"loc":{"start":{"line":386,"column":44},"end":{"line":389,"column":null}},"line":386},"61":{"name":"(anonymous_61)","decl":{"start":{"line":391,"column":38},"end":{"line":391,"column":43}},"loc":{"start":{"line":391,"column":48},"end":{"line":391,"column":77}},"line":391},"62":{"name":"(anonymous_62)","decl":{"start":{"line":392,"column":40},"end":{"line":392,"column":45}},"loc":{"start":{"line":392,"column":50},"end":{"line":392,"column":66}},"line":392},"63":{"name":"(anonymous_63)","decl":{"start":{"line":395,"column":40},"end":{"line":395,"column":45}},"loc":{"start":{"line":395,"column":50},"end":{"line":395,"column":91}},"line":395},"64":{"name":"(anonymous_64)","decl":{"start":{"line":420,"column":24},"end":{"line":420,"column":29}},"loc":{"start":{"line":421,"column":16},"end":{"line":1262,"column":null}},"line":421},"65":{"name":"(anonymous_65)","decl":{"start":{"line":425,"column":18},"end":{"line":425,"column":32}},"loc":{"start":{"line":425,"column":38},"end":{"line":425,"column":null}},"line":425},"66":{"name":"(anonymous_66)","decl":{"start":{"line":426,"column":18},"end":{"line":426,"column":32}},"loc":{"start":{"line":426,"column":38},"end":{"line":426,"column":null}},"line":426},"67":{"name":"(anonymous_67)","decl":{"start":{"line":427,"column":18},"end":{"line":427,"column":30}},"loc":{"start":{"line":427,"column":36},"end":{"line":427,"column":null}},"line":427},"68":{"name":"(anonymous_68)","decl":{"start":{"line":455,"column":22},"end":{"line":455,"column":37}},"loc":{"start":{"line":455,"column":37},"end":{"line":455,"column":null}},"line":455},"69":{"name":"(anonymous_69)","decl":{"start":{"line":470,"column":50},"end":{"line":470,"column":55}},"loc":{"start":{"line":470,"column":73},"end":{"line":518,"column":27}},"line":470},"70":{"name":"(anonymous_70)","decl":{"start":{"line":471,"column":75},"end":{"line":471,"column":83}},"loc":{"start":{"line":471,"column":92},"end":{"line":471,"column":102}},"line":471},"71":{"name":"(anonymous_71)","decl":{"start":{"line":473,"column":31},"end":{"line":473,"column":38}},"loc":{"start":{"line":473,"column":43},"end":{"line":473,"column":61}},"line":473},"72":{"name":"(anonymous_72)","decl":{"start":{"line":474,"column":31},"end":{"line":474,"column":37}},"loc":{"start":{"line":474,"column":46},"end":{"line":474,"column":70}},"line":474},"73":{"name":"(anonymous_73)","decl":{"start":{"line":475,"column":31},"end":{"line":475,"column":35}},"loc":{"start":{"line":475,"column":41},"end":{"line":475,"column":70}},"line":475},"74":{"name":"(anonymous_74)","decl":{"start":{"line":481,"column":32},"end":{"line":481,"column":45}},"loc":{"start":{"line":481,"column":50},"end":{"line":481,"column":null}},"line":481},"75":{"name":"(anonymous_75)","decl":{"start":{"line":482,"column":32},"end":{"line":482,"column":45}},"loc":{"start":{"line":482,"column":50},"end":{"line":482,"column":null}},"line":482},"76":{"name":"(anonymous_76)","decl":{"start":{"line":483,"column":32},"end":{"line":483,"column":43}},"loc":{"start":{"line":483,"column":48},"end":{"line":483,"column":null}},"line":483},"77":{"name":"(anonymous_77)","decl":{"start":{"line":492,"column":34},"end":{"line":492,"column":44}},"loc":{"start":{"line":492,"column":51},"end":{"line":497,"column":null}},"line":492},"78":{"name":"(anonymous_78)","decl":{"start":{"line":508,"column":34},"end":{"line":508,"column":49}},"loc":{"start":{"line":508,"column":49},"end":{"line":511,"column":null}},"line":508},"79":{"name":"(anonymous_79)","decl":{"start":{"line":509,"column":71},"end":{"line":509,"column":79}},"loc":{"start":{"line":509,"column":88},"end":{"line":509,"column":98}},"line":509},"80":{"name":"(anonymous_80)","decl":{"start":{"line":522,"column":26},"end":{"line":522,"column":41}},"loc":{"start":{"line":522,"column":41},"end":{"line":526,"column":null}},"line":522},"81":{"name":"(anonymous_81)","decl":{"start":{"line":524,"column":63},"end":{"line":524,"column":68}},"loc":{"start":{"line":524,"column":73},"end":{"line":524,"column":91}},"line":524},"82":{"name":"(anonymous_82)","decl":{"start":{"line":527,"column":52},"end":{"line":527,"column":59}},"loc":{"start":{"line":527,"column":64},"end":{"line":527,"column":106}},"line":527},"83":{"name":"(anonymous_83)","decl":{"start":{"line":528,"column":308},"end":{"line":528,"column":315}},"loc":{"start":{"line":528,"column":320},"end":{"line":528,"column":362}},"line":528},"84":{"name":"(anonymous_84)","decl":{"start":{"line":539,"column":28},"end":{"line":539,"column":39}},"loc":{"start":{"line":539,"column":45},"end":{"line":542,"column":null}},"line":539},"85":{"name":"(anonymous_85)","decl":{"start":{"line":558,"column":30},"end":{"line":558,"column":40}},"loc":{"start":{"line":558,"column":45},"end":{"line":558,"column":null}},"line":558},"86":{"name":"(anonymous_86)","decl":{"start":{"line":561,"column":30},"end":{"line":561,"column":43}},"loc":{"start":{"line":561,"column":48},"end":{"line":561,"column":null}},"line":561},"87":{"name":"(anonymous_87)","decl":{"start":{"line":571,"column":26},"end":{"line":571,"column":37}},"loc":{"start":{"line":571,"column":43},"end":{"line":578,"column":null}},"line":571},"88":{"name":"(anonymous_88)","decl":{"start":{"line":573,"column":28},"end":{"line":573,"column":44}},"loc":{"start":{"line":573,"column":52},"end":{"line":577,"column":29}},"line":573},"89":{"name":"(anonymous_89)","decl":{"start":{"line":590,"column":34},"end":{"line":590,"column":45}},"loc":{"start":{"line":590,"column":51},"end":{"line":590,"column":null}},"line":590},"90":{"name":"(anonymous_90)","decl":{"start":{"line":608,"column":36},"end":{"line":608,"column":46}},"loc":{"start":{"line":608,"column":51},"end":{"line":608,"column":null}},"line":608},"91":{"name":"(anonymous_91)","decl":{"start":{"line":621,"column":34},"end":{"line":621,"column":45}},"loc":{"start":{"line":621,"column":51},"end":{"line":621,"column":null}},"line":621},"92":{"name":"(anonymous_92)","decl":{"start":{"line":636,"column":34},"end":{"line":636,"column":45}},"loc":{"start":{"line":636,"column":51},"end":{"line":636,"column":null}},"line":636},"93":{"name":"(anonymous_93)","decl":{"start":{"line":657,"column":34},"end":{"line":657,"column":44}},"loc":{"start":{"line":657,"column":49},"end":{"line":660,"column":null}},"line":657},"94":{"name":"(anonymous_94)","decl":{"start":{"line":661,"column":34},"end":{"line":661,"column":42}},"loc":{"start":{"line":661,"column":47},"end":{"line":664,"column":null}},"line":661},"95":{"name":"(anonymous_95)","decl":{"start":{"line":665,"column":34},"end":{"line":665,"column":47}},"loc":{"start":{"line":665,"column":52},"end":{"line":665,"column":null}},"line":665},"96":{"name":"(anonymous_96)","decl":{"start":{"line":684,"column":34},"end":{"line":684,"column":44}},"loc":{"start":{"line":684,"column":49},"end":{"line":687,"column":null}},"line":684},"97":{"name":"(anonymous_97)","decl":{"start":{"line":688,"column":34},"end":{"line":688,"column":47}},"loc":{"start":{"line":688,"column":52},"end":{"line":688,"column":null}},"line":688},"98":{"name":"(anonymous_98)","decl":{"start":{"line":706,"column":28},"end":{"line":706,"column":39}},"loc":{"start":{"line":706,"column":45},"end":{"line":714,"column":null}},"line":706},"99":{"name":"(anonymous_99)","decl":{"start":{"line":715,"column":28},"end":{"line":715,"column":41}},"loc":{"start":{"line":715,"column":46},"end":{"line":715,"column":null}},"line":715},"100":{"name":"(anonymous_100)","decl":{"start":{"line":723,"column":59},"end":{"line":723,"column":76}},"loc":{"start":{"line":723,"column":76},"end":{"line":841,"column":27}},"line":723},"101":{"name":"(anonymous_101)","decl":{"start":{"line":724,"column":32},"end":{"line":724,"column":55}},"loc":{"start":{"line":724,"column":55},"end":{"line":729,"column":29}},"line":724},"102":{"name":"(anonymous_102)","decl":{"start":{"line":730,"column":32},"end":{"line":730,"column":52}},"loc":{"start":{"line":730,"column":73},"end":{"line":738,"column":null}},"line":730},"103":{"name":"(anonymous_103)","decl":{"start":{"line":746,"column":49},"end":{"line":746,"column":54}},"loc":{"start":{"line":746,"column":72},"end":{"line":781,"column":35}},"line":746},"104":{"name":"(anonymous_104)","decl":{"start":{"line":747,"column":76},"end":{"line":747,"column":83}},"loc":{"start":{"line":747,"column":88},"end":{"line":747,"column":122}},"line":747},"105":{"name":"(anonymous_105)","decl":{"start":{"line":748,"column":74},"end":{"line":748,"column":82}},"loc":{"start":{"line":748,"column":91},"end":{"line":748,"column":101}},"line":748},"106":{"name":"(anonymous_106)","decl":{"start":{"line":750,"column":39},"end":{"line":750,"column":46}},"loc":{"start":{"line":750,"column":51},"end":{"line":750,"column":69}},"line":750},"107":{"name":"(anonymous_107)","decl":{"start":{"line":751,"column":39},"end":{"line":751,"column":45}},"loc":{"start":{"line":751,"column":54},"end":{"line":751,"column":78}},"line":751},"108":{"name":"(anonymous_108)","decl":{"start":{"line":752,"column":39},"end":{"line":752,"column":43}},"loc":{"start":{"line":752,"column":49},"end":{"line":752,"column":78}},"line":752},"109":{"name":"(anonymous_109)","decl":{"start":{"line":758,"column":42},"end":{"line":758,"column":52}},"loc":{"start":{"line":758,"column":59},"end":{"line":762,"column":null}},"line":758},"110":{"name":"(anonymous_110)","decl":{"start":{"line":773,"column":42},"end":{"line":773,"column":57}},"loc":{"start":{"line":773,"column":57},"end":{"line":773,"column":null}},"line":773},"111":{"name":"(anonymous_111)","decl":{"start":{"line":773,"column":88},"end":{"line":773,"column":96}},"loc":{"start":{"line":773,"column":105},"end":{"line":773,"column":115}},"line":773},"112":{"name":"(anonymous_112)","decl":{"start":{"line":774,"column":42},"end":{"line":774,"column":55}},"loc":{"start":{"line":774,"column":60},"end":{"line":774,"column":null}},"line":774},"113":{"name":"(anonymous_113)","decl":{"start":{"line":785,"column":34},"end":{"line":785,"column":49}},"loc":{"start":{"line":785,"column":49},"end":{"line":790,"column":null}},"line":785},"114":{"name":"(anonymous_114)","decl":{"start":{"line":786,"column":76},"end":{"line":786,"column":83}},"loc":{"start":{"line":786,"column":88},"end":{"line":786,"column":122}},"line":786},"115":{"name":"(anonymous_115)","decl":{"start":{"line":788,"column":71},"end":{"line":788,"column":76}},"loc":{"start":{"line":788,"column":81},"end":{"line":788,"column":99}},"line":788},"116":{"name":"(anonymous_116)","decl":{"start":{"line":791,"column":60},"end":{"line":791,"column":67}},"loc":{"start":{"line":791,"column":72},"end":{"line":791,"column":143}},"line":791},"117":{"name":"(anonymous_117)","decl":{"start":{"line":792,"column":34},"end":{"line":792,"column":47}},"loc":{"start":{"line":792,"column":52},"end":{"line":792,"column":null}},"line":792},"118":{"name":"(anonymous_118)","decl":{"start":{"line":808,"column":36},"end":{"line":808,"column":46}},"loc":{"start":{"line":808,"column":51},"end":{"line":808,"column":null}},"line":808},"119":{"name":"(anonymous_119)","decl":{"start":{"line":809,"column":36},"end":{"line":809,"column":49}},"loc":{"start":{"line":809,"column":54},"end":{"line":809,"column":null}},"line":809},"120":{"name":"(anonymous_120)","decl":{"start":{"line":820,"column":36},"end":{"line":820,"column":46}},"loc":{"start":{"line":820,"column":51},"end":{"line":820,"column":null}},"line":820},"121":{"name":"(anonymous_121)","decl":{"start":{"line":821,"column":36},"end":{"line":821,"column":49}},"loc":{"start":{"line":821,"column":54},"end":{"line":821,"column":null}},"line":821},"122":{"name":"(anonymous_122)","decl":{"start":{"line":830,"column":34},"end":{"line":830,"column":44}},"loc":{"start":{"line":830,"column":49},"end":{"line":830,"column":null}},"line":830},"123":{"name":"(anonymous_123)","decl":{"start":{"line":831,"column":34},"end":{"line":831,"column":47}},"loc":{"start":{"line":831,"column":52},"end":{"line":831,"column":null}},"line":831},"124":{"name":"(anonymous_124)","decl":{"start":{"line":855,"column":50},"end":{"line":855,"column":55}},"loc":{"start":{"line":855,"column":73},"end":{"line":904,"column":27}},"line":855},"125":{"name":"(anonymous_125)","decl":{"start":{"line":856,"column":68},"end":{"line":856,"column":75}},"loc":{"start":{"line":856,"column":80},"end":{"line":856,"column":114}},"line":856},"126":{"name":"(anonymous_126)","decl":{"start":{"line":857,"column":75},"end":{"line":857,"column":83}},"loc":{"start":{"line":857,"column":92},"end":{"line":857,"column":102}},"line":857},"127":{"name":"(anonymous_127)","decl":{"start":{"line":859,"column":31},"end":{"line":859,"column":38}},"loc":{"start":{"line":859,"column":43},"end":{"line":859,"column":61}},"line":859},"128":{"name":"(anonymous_128)","decl":{"start":{"line":860,"column":31},"end":{"line":860,"column":37}},"loc":{"start":{"line":860,"column":46},"end":{"line":860,"column":70}},"line":860},"129":{"name":"(anonymous_129)","decl":{"start":{"line":861,"column":31},"end":{"line":861,"column":35}},"loc":{"start":{"line":861,"column":41},"end":{"line":861,"column":70}},"line":861},"130":{"name":"(anonymous_130)","decl":{"start":{"line":867,"column":32},"end":{"line":867,"column":45}},"loc":{"start":{"line":867,"column":50},"end":{"line":867,"column":null}},"line":867},"131":{"name":"(anonymous_131)","decl":{"start":{"line":868,"column":32},"end":{"line":868,"column":45}},"loc":{"start":{"line":868,"column":50},"end":{"line":868,"column":null}},"line":868},"132":{"name":"(anonymous_132)","decl":{"start":{"line":869,"column":32},"end":{"line":869,"column":43}},"loc":{"start":{"line":869,"column":48},"end":{"line":869,"column":null}},"line":869},"133":{"name":"(anonymous_133)","decl":{"start":{"line":878,"column":34},"end":{"line":878,"column":44}},"loc":{"start":{"line":878,"column":51},"end":{"line":883,"column":null}},"line":878},"134":{"name":"(anonymous_134)","decl":{"start":{"line":894,"column":34},"end":{"line":894,"column":49}},"loc":{"start":{"line":894,"column":49},"end":{"line":897,"column":null}},"line":894},"135":{"name":"(anonymous_135)","decl":{"start":{"line":895,"column":71},"end":{"line":895,"column":79}},"loc":{"start":{"line":895,"column":88},"end":{"line":895,"column":98}},"line":895},"136":{"name":"(anonymous_136)","decl":{"start":{"line":908,"column":26},"end":{"line":908,"column":41}},"loc":{"start":{"line":908,"column":41},"end":{"line":913,"column":null}},"line":908},"137":{"name":"(anonymous_137)","decl":{"start":{"line":909,"column":68},"end":{"line":909,"column":75}},"loc":{"start":{"line":909,"column":80},"end":{"line":909,"column":114}},"line":909},"138":{"name":"(anonymous_138)","decl":{"start":{"line":911,"column":63},"end":{"line":911,"column":68}},"loc":{"start":{"line":911,"column":73},"end":{"line":911,"column":91}},"line":911},"139":{"name":"(anonymous_139)","decl":{"start":{"line":914,"column":52},"end":{"line":914,"column":59}},"loc":{"start":{"line":914,"column":64},"end":{"line":914,"column":144}},"line":914},"140":{"name":"(anonymous_140)","decl":{"start":{"line":915,"column":308},"end":{"line":915,"column":315}},"loc":{"start":{"line":915,"column":320},"end":{"line":915,"column":400}},"line":915},"141":{"name":"(anonymous_141)","decl":{"start":{"line":928,"column":144},"end":{"line":928,"column":149}},"loc":{"start":{"line":928,"column":188},"end":{"line":1094,"column":27}},"line":928},"142":{"name":"(anonymous_142)","decl":{"start":{"line":949,"column":34},"end":{"line":949,"column":49}},"loc":{"start":{"line":949,"column":49},"end":{"line":953,"column":null}},"line":949},"143":{"name":"(anonymous_143)","decl":{"start":{"line":949,"column":49},"end":{"line":949,"column":68}},"loc":{"start":{"line":949,"column":76},"end":{"line":953,"column":35}},"line":949},"144":{"name":"(anonymous_144)","decl":{"start":{"line":965,"column":36},"end":{"line":965,"column":46}},"loc":{"start":{"line":965,"column":52},"end":{"line":970,"column":null}},"line":965},"145":{"name":"(anonymous_145)","decl":{"start":{"line":986,"column":44},"end":{"line":986,"column":null}},"loc":{"start":{"line":986,"column":44},"end":{"line":1062,"column":39}},"line":986},"146":{"name":"(anonymous_146)","decl":{"start":{"line":994,"column":51},"end":{"line":994,"column":56}},"loc":{"start":{"line":995,"column":44},"end":{"line":1040,"column":null}},"line":995},"147":{"name":"(anonymous_147)","decl":{"start":{"line":995,"column":260},"end":{"line":995,"column":274}},"loc":{"start":{"line":995,"column":279},"end":{"line":995,"column":345}},"line":995},"148":{"name":"(anonymous_148)","decl":{"start":{"line":995,"column":345},"end":{"line":995,"column":359}},"loc":{"start":{"line":995,"column":364},"end":{"line":995,"column":null}},"line":995},"149":{"name":"(anonymous_149)","decl":{"start":{"line":1000,"column":48},"end":{"line":1000,"column":58}},"loc":{"start":{"line":1000,"column":63},"end":{"line":1008,"column":null}},"line":1000},"150":{"name":"(anonymous_150)","decl":{"start":{"line":1009,"column":48},"end":{"line":1009,"column":61}},"loc":{"start":{"line":1009,"column":66},"end":{"line":1009,"column":null}},"line":1009},"151":{"name":"(anonymous_151)","decl":{"start":{"line":1010,"column":48},"end":{"line":1010,"column":59}},"loc":{"start":{"line":1010,"column":64},"end":{"line":1010,"column":null}},"line":1010},"152":{"name":"(anonymous_152)","decl":{"start":{"line":1023,"column":48},"end":{"line":1023,"column":57}},"loc":{"start":{"line":1023,"column":62},"end":{"line":1023,"column":null}},"line":1023},"153":{"name":"(anonymous_153)","decl":{"start":{"line":1024,"column":48},"end":{"line":1024,"column":56}},"loc":{"start":{"line":1024,"column":61},"end":{"line":1024,"column":null}},"line":1024},"154":{"name":"(anonymous_154)","decl":{"start":{"line":1028,"column":48},"end":{"line":1028,"column":63}},"loc":{"start":{"line":1028,"column":63},"end":{"line":1034,"column":null}},"line":1028},"155":{"name":"(anonymous_155)","decl":{"start":{"line":1032,"column":105},"end":{"line":1032,"column":113}},"loc":{"start":{"line":1032,"column":122},"end":{"line":1032,"column":133}},"line":1032},"156":{"name":"(anonymous_156)","decl":{"start":{"line":1045,"column":46},"end":{"line":1045,"column":61}},"loc":{"start":{"line":1045,"column":61},"end":{"line":1045,"column":null}},"line":1045},"157":{"name":"(anonymous_157)","decl":{"start":{"line":1045,"column":61},"end":{"line":1045,"column":80}},"loc":{"start":{"line":1045,"column":88},"end":{"line":1045,"column":117}},"line":1045},"158":{"name":"(anonymous_158)","decl":{"start":{"line":1054,"column":46},"end":{"line":1054,"column":61}},"loc":{"start":{"line":1054,"column":61},"end":{"line":1054,"column":null}},"line":1054},"159":{"name":"(anonymous_159)","decl":{"start":{"line":1054,"column":61},"end":{"line":1054,"column":80}},"loc":{"start":{"line":1054,"column":88},"end":{"line":1054,"column":148}},"line":1054},"160":{"name":"(anonymous_160)","decl":{"start":{"line":1070,"column":40},"end":{"line":1070,"column":50}},"loc":{"start":{"line":1070,"column":55},"end":{"line":1070,"column":null}},"line":1070},"161":{"name":"(anonymous_161)","decl":{"start":{"line":1070,"column":55},"end":{"line":1070,"column":75}},"loc":{"start":{"line":1070,"column":84},"end":{"line":1070,"column":126}},"line":1070},"162":{"name":"(anonymous_162)","decl":{"start":{"line":1071,"column":40},"end":{"line":1071,"column":53}},"loc":{"start":{"line":1071,"column":58},"end":{"line":1071,"column":null}},"line":1071},"163":{"name":"(anonymous_163)","decl":{"start":{"line":1072,"column":40},"end":{"line":1072,"column":51}},"loc":{"start":{"line":1072,"column":56},"end":{"line":1086,"column":null}},"line":1072},"164":{"name":"(anonymous_164)","decl":{"start":{"line":1082,"column":44},"end":{"line":1082,"column":64}},"loc":{"start":{"line":1082,"column":73},"end":{"line":1082,"column":103}},"line":1082},"165":{"name":"(anonymous_165)","decl":{"start":{"line":1084,"column":44},"end":{"line":1084,"column":64}},"loc":{"start":{"line":1084,"column":73},"end":{"line":1084,"column":103}},"line":1084},"166":{"name":"(anonymous_166)","decl":{"start":{"line":1101,"column":30},"end":{"line":1101,"column":40}},"loc":{"start":{"line":1101,"column":45},"end":{"line":1101,"column":null}},"line":1101},"167":{"name":"(anonymous_167)","decl":{"start":{"line":1101,"column":45},"end":{"line":1101,"column":64}},"loc":{"start":{"line":1101,"column":73},"end":{"line":1101,"column":108}},"line":1101},"168":{"name":"(anonymous_168)","decl":{"start":{"line":1102,"column":30},"end":{"line":1102,"column":43}},"loc":{"start":{"line":1102,"column":48},"end":{"line":1102,"column":null}},"line":1102},"169":{"name":"(anonymous_169)","decl":{"start":{"line":1103,"column":30},"end":{"line":1103,"column":41}},"loc":{"start":{"line":1103,"column":46},"end":{"line":1118,"column":null}},"line":1103},"170":{"name":"(anonymous_170)","decl":{"start":{"line":1112,"column":36},"end":{"line":1112,"column":55}},"loc":{"start":{"line":1112,"column":63},"end":{"line":1112,"column":85}},"line":1112},"171":{"name":"(anonymous_171)","decl":{"start":{"line":1114,"column":34},"end":{"line":1114,"column":53}},"loc":{"start":{"line":1114,"column":62},"end":{"line":1114,"column":85}},"line":1114},"172":{"name":"(anonymous_172)","decl":{"start":{"line":1116,"column":34},"end":{"line":1116,"column":53}},"loc":{"start":{"line":1116,"column":62},"end":{"line":1116,"column":85}},"line":1116},"173":{"name":"(anonymous_173)","decl":{"start":{"line":1119,"column":30},"end":{"line":1119,"column":44}},"loc":{"start":{"line":1119,"column":44},"end":{"line":1131,"column":null}},"line":1119},"174":{"name":"(anonymous_174)","decl":{"start":{"line":1127,"column":36},"end":{"line":1127,"column":55}},"loc":{"start":{"line":1127,"column":63},"end":{"line":1127,"column":85}},"line":1127},"175":{"name":"(anonymous_175)","decl":{"start":{"line":1130,"column":32},"end":{"line":1130,"column":51}},"loc":{"start":{"line":1130,"column":60},"end":{"line":1130,"column":83}},"line":1130},"176":{"name":"(anonymous_176)","decl":{"start":{"line":1145,"column":26},"end":{"line":1145,"column":37}},"loc":{"start":{"line":1145,"column":43},"end":{"line":1152,"column":null}},"line":1145},"177":{"name":"(anonymous_177)","decl":{"start":{"line":1147,"column":28},"end":{"line":1147,"column":44}},"loc":{"start":{"line":1147,"column":52},"end":{"line":1151,"column":29}},"line":1147},"178":{"name":"(anonymous_178)","decl":{"start":{"line":1168,"column":34},"end":{"line":1168,"column":44}},"loc":{"start":{"line":1168,"column":49},"end":{"line":1168,"column":null}},"line":1168},"179":{"name":"(anonymous_179)","decl":{"start":{"line":1169,"column":34},"end":{"line":1169,"column":47}},"loc":{"start":{"line":1169,"column":52},"end":{"line":1169,"column":null}},"line":1169},"180":{"name":"(anonymous_180)","decl":{"start":{"line":1186,"column":34},"end":{"line":1186,"column":44}},"loc":{"start":{"line":1186,"column":49},"end":{"line":1186,"column":null}},"line":1186},"181":{"name":"(anonymous_181)","decl":{"start":{"line":1187,"column":34},"end":{"line":1187,"column":47}},"loc":{"start":{"line":1187,"column":52},"end":{"line":1187,"column":null}},"line":1187},"182":{"name":"(anonymous_182)","decl":{"start":{"line":1211,"column":26},"end":{"line":1211,"column":36}},"loc":{"start":{"line":1211,"column":41},"end":{"line":1211,"column":null}},"line":1211},"183":{"name":"(anonymous_183)","decl":{"start":{"line":1225,"column":26},"end":{"line":1225,"column":36}},"loc":{"start":{"line":1225,"column":41},"end":{"line":1225,"column":null}},"line":1225},"184":{"name":"(anonymous_184)","decl":{"start":{"line":1240,"column":28},"end":{"line":1240,"column":38}},"loc":{"start":{"line":1240,"column":43},"end":{"line":1240,"column":null}},"line":1240},"185":{"name":"(anonymous_185)","decl":{"start":{"line":1251,"column":28},"end":{"line":1251,"column":38}},"loc":{"start":{"line":1251,"column":43},"end":{"line":1254,"column":null}},"line":1251},"186":{"name":"(anonymous_186)","decl":{"start":{"line":1276,"column":19},"end":{"line":1276,"column":26}},"loc":{"start":{"line":1276,"column":31},"end":{"line":1276,"column":64}},"line":1276},"187":{"name":"(anonymous_187)","decl":{"start":{"line":1276,"column":41},"end":{"line":1276,"column":46}},"loc":{"start":{"line":1276,"column":51},"end":{"line":1276,"column":63}},"line":1276},"188":{"name":"(anonymous_188)","decl":{"start":{"line":1277,"column":19},"end":{"line":1277,"column":23}},"loc":{"start":{"line":1277,"column":29},"end":{"line":1281,"column":20}},"line":1277},"189":{"name":"(anonymous_189)","decl":{"start":{"line":1285,"column":43},"end":{"line":1285,"column":49}},"loc":{"start":{"line":1285,"column":54},"end":{"line":1285,"column":86}},"line":1285},"190":{"name":"(anonymous_190)","decl":{"start":{"line":1285,"column":63},"end":{"line":1285,"column":68}},"loc":{"start":{"line":1285,"column":73},"end":{"line":1285,"column":85}},"line":1285},"191":{"name":"(anonymous_191)","decl":{"start":{"line":1304,"column":26},"end":{"line":1304,"column":31}},"loc":{"start":{"line":1305,"column":14},"end":{"line":1404,"column":null}},"line":1305},"192":{"name":"(anonymous_192)","decl":{"start":{"line":1309,"column":16},"end":{"line":1309,"column":30}},"loc":{"start":{"line":1309,"column":36},"end":{"line":1309,"column":null}},"line":1309},"193":{"name":"(anonymous_193)","decl":{"start":{"line":1310,"column":16},"end":{"line":1310,"column":30}},"loc":{"start":{"line":1310,"column":36},"end":{"line":1310,"column":null}},"line":1310},"194":{"name":"(anonymous_194)","decl":{"start":{"line":1311,"column":16},"end":{"line":1311,"column":28}},"loc":{"start":{"line":1311,"column":34},"end":{"line":1311,"column":null}},"line":1311},"195":{"name":"(anonymous_195)","decl":{"start":{"line":1334,"column":22},"end":{"line":1334,"column":32}},"loc":{"start":{"line":1334,"column":37},"end":{"line":1334,"column":null}},"line":1334},"196":{"name":"(anonymous_196)","decl":{"start":{"line":1337,"column":25},"end":{"line":1337,"column":32}},"loc":{"start":{"line":1337,"column":37},"end":{"line":1337,"column":131}},"line":1337},"197":{"name":"(anonymous_197)","decl":{"start":{"line":1338,"column":25},"end":{"line":1338,"column":31}},"loc":{"start":{"line":1338,"column":40},"end":{"line":1338,"column":64}},"line":1338},"198":{"name":"(anonymous_198)","decl":{"start":{"line":1339,"column":25},"end":{"line":1339,"column":29}},"loc":{"start":{"line":1339,"column":35},"end":{"line":1339,"column":64}},"line":1339},"199":{"name":"(anonymous_199)","decl":{"start":{"line":1347,"column":22},"end":{"line":1347,"column":42}},"loc":{"start":{"line":1347,"column":42},"end":{"line":1347,"column":null}},"line":1347},"200":{"name":"(anonymous_200)","decl":{"start":{"line":1348,"column":22},"end":{"line":1348,"column":42}},"loc":{"start":{"line":1348,"column":42},"end":{"line":1348,"column":null}},"line":1348},"201":{"name":"(anonymous_201)","decl":{"start":{"line":1354,"column":24},"end":{"line":1354,"column":34}},"loc":{"start":{"line":1354,"column":39},"end":{"line":1354,"column":null}},"line":1354},"202":{"name":"(anonymous_202)","decl":{"start":{"line":1366,"column":54},"end":{"line":1366,"column":58}},"loc":{"start":{"line":1366,"column":71},"end":{"line":1388,"column":25}},"line":1366},"203":{"name":"(anonymous_203)","decl":{"start":{"line":1372,"column":30},"end":{"line":1372,"column":45}},"loc":{"start":{"line":1372,"column":45},"end":{"line":1372,"column":null}},"line":1372},"204":{"name":"(anonymous_204)","decl":{"start":{"line":1397,"column":20},"end":{"line":1397,"column":35}},"loc":{"start":{"line":1397,"column":35},"end":{"line":1397,"column":null}},"line":1397},"205":{"name":"(anonymous_205)","decl":{"start":{"line":1417,"column":38},"end":{"line":1417,"column":45}},"loc":{"start":{"line":1417,"column":50},"end":{"line":1417,"column":123}},"line":1417},"206":{"name":"(anonymous_206)","decl":{"start":{"line":1417,"column":94},"end":{"line":1417,"column":99}},"loc":{"start":{"line":1417,"column":104},"end":{"line":1417,"column":122}},"line":1417},"207":{"name":"(anonymous_207)","decl":{"start":{"line":1424,"column":39},"end":{"line":1424,"column":46}},"loc":{"start":{"line":1424,"column":51},"end":{"line":1424,"column":94}},"line":1424},"208":{"name":"(anonymous_208)","decl":{"start":{"line":1424,"column":65},"end":{"line":1424,"column":70}},"loc":{"start":{"line":1424,"column":75},"end":{"line":1424,"column":93}},"line":1424},"209":{"name":"(anonymous_209)","decl":{"start":{"line":1426,"column":12},"end":{"line":1426,"column":26}},"loc":{"start":{"line":1426,"column":31},"end":{"line":1429,"column":null}},"line":1426},"210":{"name":"(anonymous_210)","decl":{"start":{"line":1430,"column":12},"end":{"line":1430,"column":26}},"loc":{"start":{"line":1430,"column":31},"end":{"line":1433,"column":null}},"line":1430},"211":{"name":"(anonymous_211)","decl":{"start":{"line":1444,"column":12},"end":{"line":1444,"column":27}},"loc":{"start":{"line":1444,"column":27},"end":{"line":1444,"column":null}},"line":1444}},"branchMap":{"0":{"loc":{"start":{"line":110,"column":26},"end":{"line":110,"column":null}},"type":"binary-expr","locations":[{"start":{"line":110,"column":26},"end":{"line":110,"column":46}},{"start":{"line":110,"column":46},"end":{"line":110,"column":null}}],"line":110},"1":{"loc":{"start":{"line":111,"column":4},"end":{"line":111,"column":null}},"type":"if","locations":[{"start":{"line":111,"column":4},"end":{"line":111,"column":null}},{"start":{},"end":{}}],"line":111},"2":{"loc":{"start":{"line":115,"column":6},"end":{"line":115,"column":null}},"type":"if","locations":[{"start":{"line":115,"column":6},"end":{"line":115,"column":null}},{"start":{},"end":{}}],"line":115},"3":{"loc":{"start":{"line":115,"column":10},"end":{"line":115,"column":60}},"type":"binary-expr","locations":[{"start":{"line":115,"column":10},"end":{"line":115,"column":33}},{"start":{"line":115,"column":33},"end":{"line":115,"column":60}}],"line":115},"4":{"loc":{"start":{"line":116,"column":6},"end":{"line":116,"column":null}},"type":"if","locations":[{"start":{"line":116,"column":6},"end":{"line":116,"column":null}},{"start":{},"end":{}}],"line":116},"5":{"loc":{"start":{"line":116,"column":25},"end":{"line":116,"column":40}},"type":"binary-expr","locations":[{"start":{"line":116,"column":25},"end":{"line":116,"column":38}},{"start":{"line":116,"column":38},"end":{"line":116,"column":40}}],"line":116},"6":{"loc":{"start":{"line":116,"column":61},"end":{"line":116,"column":76}},"type":"binary-expr","locations":[{"start":{"line":116,"column":61},"end":{"line":116,"column":74}},{"start":{"line":116,"column":74},"end":{"line":116,"column":76}}],"line":116},"7":{"loc":{"start":{"line":119,"column":25},"end":{"line":119,"column":null}},"type":"binary-expr","locations":[{"start":{"line":119,"column":25},"end":{"line":119,"column":43}},{"start":{"line":119,"column":43},"end":{"line":119,"column":null}}],"line":119},"8":{"loc":{"start":{"line":120,"column":4},"end":{"line":120,"column":null}},"type":"if","locations":[{"start":{"line":120,"column":4},"end":{"line":120,"column":null}},{"start":{},"end":{}}],"line":120},"9":{"loc":{"start":{"line":121,"column":4},"end":{"line":121,"column":null}},"type":"if","locations":[{"start":{"line":121,"column":4},"end":{"line":121,"column":null}},{"start":{},"end":{}}],"line":121},"10":{"loc":{"start":{"line":121,"column":36},"end":{"line":121,"column":122}},"type":"binary-expr","locations":[{"start":{"line":121,"column":36},"end":{"line":121,"column":78}},{"start":{"line":121,"column":78},"end":{"line":121,"column":122}}],"line":121},"11":{"loc":{"start":{"line":121,"column":92},"end":{"line":121,"column":122}},"type":"binary-expr","locations":[{"start":{"line":121,"column":92},"end":{"line":121,"column":119}},{"start":{"line":121,"column":119},"end":{"line":121,"column":122}}],"line":121},"12":{"loc":{"start":{"line":130,"column":37},"end":{"line":130,"column":80}},"type":"if","locations":[{"start":{"line":130,"column":37},"end":{"line":130,"column":80}},{"start":{},"end":{}}],"line":130},"13":{"loc":{"start":{"line":137,"column":41},"end":{"line":137,"column":82}},"type":"binary-expr","locations":[{"start":{"line":137,"column":41},"end":{"line":137,"column":73}},{"start":{"line":137,"column":73},"end":{"line":137,"column":82}}],"line":137},"14":{"loc":{"start":{"line":138,"column":4},"end":{"line":138,"column":null}},"type":"if","locations":[{"start":{"line":138,"column":4},"end":{"line":138,"column":null}},{"start":{},"end":{}}],"line":138},"15":{"loc":{"start":{"line":139,"column":21},"end":{"line":139,"column":null}},"type":"binary-expr","locations":[{"start":{"line":139,"column":21},"end":{"line":139,"column":50}},{"start":{"line":139,"column":50},"end":{"line":139,"column":null}}],"line":139},"16":{"loc":{"start":{"line":141,"column":6},"end":{"line":141,"column":null}},"type":"if","locations":[{"start":{"line":141,"column":6},"end":{"line":141,"column":null}},{"start":{},"end":{}}
[...]
nfinity":147,"f:288:43:288:48":36,"s:288:53:288:101":148,"b:288:53:288:83:288:83:288:101":42,"s:289:4:296:Infinity":149,"f:289:4:289:20":37,"s:289:28:296:5":150,"b:293:17:293:39:293:39:293:Infinity":43,"f:299:11:299:29":38,"s:300:4:300:Infinity":151,"f:300:4:300:20":39,"s:300:28:300:88":152,"f:300:33:300:38":40,"s:300:47:300:87":153,"b:300:59:300:86:300:86:300:87":44,"f:303:11:303:29":41,"s:304:4:304:Infinity":154,"f:304:4:304:20":42,"s:304:28:304:60":155,"f:304:33:304:41":43,"s:304:50:304:59":156,"f:308:11:308:21":44,"s:309:10:309:Infinity":157,"f:309:10:309:23":45,"s:309:23:309:Infinity":158,"b:311:4:312:Infinity:312:9:312:Infinity":45,"s:311:4:312:Infinity":159,"s:311:36:311:Infinity":160,"b:312:9:312:Infinity:undefined:undefined:undefined:undefined":46,"s:312:9:312:Infinity":161,"s:312:29:312:Infinity":162,"b:312:56:312:83:312:83:312:87":47,"b:312:105:312:141:312:141:312:145":48,"s:313:4:313:Infinity":163,"f:313:4:313:16":46,"s:313:24:313:137":164,"b:313:118:313:131:313:131:313:135":49,"f:316:11:316:24":47,"s:317:4:317:Infinity":165,"f:317:4:317:16":48,"s:317:24:317:56":166,"f:317:29:317:37":49,"s:317:46:317:55":167,"f:321:11:321:29":50,"s:322:4:322:Infinity":168,"s:323:4:323:Infinity":169,"s:324:4:327:Infinity":170,"f:324:4:324:21":51,"s:325:17:325:Infinity":171,"b:326:6:326:Infinity:undefined:undefined:undefined:undefined":50,"s:326:6:326:Infinity":172,"s:326:14:326:Infinity":173,"f:329:11:329:29":52,"s:330:4:330:Infinity":174,"b:331:4:331:Infinity:undefined:undefined:undefined:undefined":51,"s:331:4:331:Infinity":175,"b:331:8:331:37:331:37:331:69":52,"s:331:69:331:Infinity":176,"s:332:4:338:Infinity":177,"f:332:4:332:20":53,"s:333:19:333:Infinity":178,"s:334:26:334:Infinity":179,"s:335:6:335:Infinity":180,"s:336:6:336:Infinity":181,"s:337:6:337:Infinity":182,"s:339:4:339:Infinity":183,"f:341:11:341:27":54,"s:342:4:342:Infinity":184,"s:343:15:343:Infinity":185,"b:344:4:344:Infinity:undefined:undefined:undefined:undefined":53,"s:344:4:344:Infinity":186,"s:344:12:344:Infinity":187,"f:349:17:349:26":55,"s:352:4:352:Infinity":188,"s:355:22:355:Infinity":189,"f:355:35:355:39":56,"s:355:44:355:53":190,"b:356:4:359:Infinity:undefined:undefined:undefined:undefined":54,"s:356:4:359:Infinity":191,"s:357:6:357:Infinity":192,"s:358:6:358:Infinity":193,"s:361:4:361:Infinity":194,"s:362:4:383:Infinity":195,"s:363:59:374:Infinity":196,"f:365:27:365:31":57,"s:366:42:366:Infinity":197,"s:367:10:367:Infinity":198,"f:369:29:369:33":58,"s:369:39:372:10":199,"b:371:32:371:62:371:62:371:Infinity":55,"b:373:12:373:47:373:47:373:Infinity":56,"s:375:22:375:Infinity":200,"s:376:6:376:Infinity":201,"s:377:6:377:Infinity":202,"s:378:6:378:Infinity":203,"f:378:6:378:23":59,"s:378:23:378:40":204,"s:380:6:380:Infinity":205,"b:380:36:380:50:380:50:380:80":57,"s:382:6:382:Infinity":206,"f:386:11:386:24":60,"s:387:4:387:Infinity":207,"s:388:4:388:Infinity":208,"s:391:29:391:Infinity":209,"f:391:38:391:43":61,"s:391:48:391:77":210,"b:391:48:391:68:391:68:391:77":58,"s:392:31:392:Infinity":211,"b:392:31:392:92:392:92:392:Infinity":59,"f:392:40:392:45":62,"s:392:50:392:66":212,"s:393:26:393:Infinity":213,"b:393:26:393:48:393:48:393:Infinity":60,"s:395:31:395:Infinity":214,"f:395:40:395:45":63,"s:395:50:395:91":215,"b:395:50:395:82:395:82:395:91":61,"s:396:34:396:Infinity":216,"s:397:26:399:Infinity":217,"b:398:7:398:Infinity:399:6:399:Infinity":62,"b:398:7:398:48:398:48:398:Infinity":63,"b:401:2:404:Infinity:undefined:undefined:undefined:undefined":64,"s:401:2:404:Infinity":218,"s:401:15:404:Infinity":219,"s:407:2:1459:Infinity":220,"b:410:9:410:16:410:16:410:Infinity":65,"f:420:24:420:29":64,"s:421:16:1262:Infinity":221,"f:425:18:425:32":65,"s:425:38:425:Infinity":222,"f:426:18:426:32":66,"s:426:38:426:Infinity":223,"f:427:18:427:30":67,"s:427:36:427:Infinity":224,"b:441:49:441:Infinity:442:28:445:40":66,"b:442:59:442:Infinity:443:28:445:40":67,"b:443:65:443:Infinity:444:28:445:40":68,"b:444:64:444:Infinity:445:28:445:40":69,"b:447:23:447:Infinity:448:24:452:Infinity":70,"f:455:22:455:37":68,"s:455:37:455:Infinity":225,"b:464:19:464:44:464:44:464:Infinity:465:20:844:Infinity":71,"f:470:50:470:55":69,"s:471:44:471:Infinity":226,"f:471:75:471:83":70,"s:471:92:471:102":227,"s:472:41:475:Infinity":228,"f:473:31:473:38":71,"s:473:43:473:61":229,"f:474:31:474:37":72,"s:474:46:474:70":230,"f:475:31:475:35":73,"s:475:41:475:70":231,"s:476:28:516:Infinity":232,"f:481:32:481:45":74,"s:481:50:481:Infinity":233,"f:482:32:482:45":75,"s:482:50:482:Infinity":234,"f:483:32:483:43":76,"s:483:48:483:Infinity":235,"f:492:34:492:44":77,"s:493:48:493:Infinity":236,"s:494:49:494:Infinity":237,"s:495:36:495:Infinity":238,"s:496:36:496:Infinity":239,"b:501:33:501:Infinity:502:34:502:Infinity":72,"f:508:34:508:49":78,"s:509:48:509:Infinity":240,"f:509:71:509:79":79,"s:509:88:509:98":241,"s:510:36:510:Infinity":242,"b:512:117:512:123:512:123:512:125":73,"f:522:26:522:41":80,"s:523:44:523:Infinity":243,"s:524:47:524:Infinity":244,"f:524:63:524:68":81,"s:524:73:524:91":245,"b:525:28:525:Infinity:undefined:undefined:undefined:undefined":74,"s:525:28:525:Infinity":246,"s:525:44:525:Infinity":247,"f:527:52:527:59":82,"s:527:64:527:106":248,"b:528:379:528:385:528:385:528:387":75,"f:528:308:528:315":83,"s:528:320:528:362":249,"b:538:37:538:67:538:67:538:Infinity":76,"f:539:28:539:39":84,"s:540:46:540:Infinity":250,"s:541:30:541:Infinity":251,"b:541:92:541:130:541:130:541:134":77,"b:547:190:547:194:547:194:547:197":78,"b:547:152:547:182:547:182:547:190":79,"b:550:25:550:Infinity:551:26:564:Infinity":80,"b:550:27:550:57:550:57:550:Infinity":81,"b:557:37:557:76:557:76:557:Infinity":82,"f:558:30:558:40":85,"s:558:45:558:Infinity":252,"f:561:30:561:43":86,"s:561:48:561:Infinity":253,"f:571:26:571:37":87,"s:572:42:572:Infinity":254,"s:573:28:577:Infinity":255,"f:573:28:573:44":88,"s:574:43:574:Infinity":256,"s:575:30:575:Infinity":257,"b:575:37:575:53:575:53:575:Infinity":83,"s:576:30:576:Infinity":258,"b:581:123:581:141:581:141:581:157":84,"b:589:43:589:68:589:68:589:Infinity":85,"f:590:34:590:45":89,"s:590:51:590:Infinity":259,"b:595:191:595:195:595:195:595:197":86,"b:595:157:595:182:595:182:595:191":87,"b:598:32:598:57:598:57:598:Infinity:599:32:612:Infinity":88,"b:607:43:607:73:607:73:607:Infinity":89,"f:608:36:608:46":90,"s:608:51:608:Infinity":260,"b:620:43:620:70:620:70:620:Infinity":90,"f:621:34:621:45":91,"s:621:51:621:Infinity":261,"b:635:43:635:75:635:75:635:Infinity":91,"f:636:34:636:45":92,"s:636:51:636:Infinity":262,"b:656:41:656:79:656:79:656:Infinity":92,"f:657:34:657:44":93,"s:658:46:658:Infinity":263,"s:659:36:659:Infinity":264,"b:659:94:659:106:659:106:659:116":93,"f:661:34:661:42":94,"s:662:46:662:Infinity":265,"b:663:36:663:Infinity:undefined:undefined:undefined:undefined":94,"s:663:36:663:Infinity":266,"b:663:40:663:52:663:52:663:68":95,"s:663:68:663:Infinity":267,"f:665:34:665:47":95,"s:665:52:665:Infinity":268,"b:683:41:683:79:683:79:683:Infinity":96,"f:684:34:684:44":96,"s:685:46:685:Infinity":269,"s:686:36:686:Infinity":270,"b:686:94:686:106:686:106:686:116":97,"f:688:34:688:47":97,"s:688:52:688:Infinity":271,"b:705:37:705:70:705:70:705:Infinity":98,"f:706:28:706:39":98,"s:707:46:707:Infinity":272,"s:708:30:713:Infinity":273,"b:710:38:710:62:710:62:710:Infinity":99,"f:715:28:715:41":99,"s:715:46:715:Infinity":274,"b:723:26:723:59:723:59:723:76:723:59:841:Infinity":100,"f:723:59:723:76":100,"s:724:32:729:Infinity":275,"f:724:32:724:55":101,"s:725:44:725:Infinity":276,"s:726:56:726:Infinity":277,"b:726:56:726:107:726:107:726:Infinity":101,"s:727:40:727:Infinity":278,"b:727:50:727:76:727:76:727:Infinity":102,"s:728:28:728:Infinity":279,"b:728:54:728:61:728:61:728:Infinity":103,"s:730:32:738:Infinity":280,"f:730:32:730:52":102,"s:731:28:737:Infinity":281,"b:733:36:733:60:733:60:733:Infinity":104,"b:734:49:734:62:734:62:734:Infinity":105,"s:739:26:839:Infinity":282,"f:746:49:746:54":103,"s:747:60:747:Infinity":283,"f:747:76:747:83":104,"s:747:88:747:122":284,"s:748:52:748:Infinity":285,"f:748:74:748:82":105,"s:748:91:748:101":286,"s:749:49:752:Infinity":287,"f:750:39:750:46":106,"s:750:51:750:69":288,"f:751:39:751:45":107,"s:751:54:751:78":289,"f:752:39:752:43":108,"s:752:49:752:78":290,"s:753:36:779:Infinity":291,"f:758:42:758:52":109,"s:759:57:759:Infinity":292,"s:760:44:760:Infinity":293,"s:761:44:761:Infinity":294,"b:766:41:766:Infinity:767:42:767:Infinity":106,"f:773:42:773:57":110,"s:773:57:773:Infinity":295,"f:773:88:773:96":111,"s:773:105:773:115":296,"f:774:42:774:55":112,"s:774:60:774:Infinity":297,"b:775:116:775:122:775:122:775:124":107,"f:785:34:785:49":113,"s:786:60:786:Infinity":298,"f:786:76:786:83":114,"s:786:88:786:122":299,"s:787:52:787:Infinity":300,"s:788:55:788:Infinity":301,"f:788:71:788:76":115,"s:788:81:788:99":302,"b:789:36:789:Infinity:undefined:undefined:undefined:undefined":108,"s:789:36:789:Infinity":303,"s:789:52:789:Infinity":304,"f:791:60:791:67":116,"s:791:72:791:143":305,"b:791:72:791:110:791:110:791:143":109,"f:792:34:792:47":117,"s:792:52:792:Infinity":306,"b:807:43:807:80:807:80:807:Infinity":110,"f:808:36:808:46":118,"s:808:51:808:Infinity":307,"b:808:90:808:114:808:114:808:119":111,"f:809:36:809:49":119,"s:809:54:809:Infinity":308,"b:819:43:819:89:819:89:819:Infinity":112,"f:820:36:820:46":120,"s:820:51:820:Infinity":309,"b:820:90:820:114:820:114:820:119":113,"f:821:36:821:49":121,"s:821:54:821:Infinity":310,"b:829:43:829:82:829:82:829:Infinity":114,"f:830:34:830:44":122,"s:830:49:830:Infinity":311,"b:830:88:830:112:830:112:830:117":115,"f:831:34:831:47":123,"s:831:52:831:Infinity":312,"b:847:19:847:56:847:56:847:Infinity:848:20:1199:Infinity":116,"f:855:50:855:55":124,"s:856:52:856:Infinity":313,"f:856:68:856:75":125,"s:856:80:856:114":314,"s:857:44:857:Infinity":315,"f:857:75:857:83":126,"s:857:92:857:102":316,"s:858:41:861:Infinity":317,"f:859:31:859:38":127,"s:859:43:859:61":318,"f:860:31:860:37":128,"s:860:46:860:70":319,"f:861:31:861:35":129,"s:861:41:861:70":320,"s:862:28:902:Infinity":321,"f:867:32:867:45":130,"s:867:50:867:Infinity":322,"f:868:32:868:45":131,"s:868:50:868:Infinity":323,"f:869:32:869:43":132,"s:869:48:869:Infinity":324,"f:878:34:878:44":133,"s:879:48:879:Infinity":325,"s:880:49:880:Infinity":326,"s:881:36:881:Infinity":327,"s:882:36:882:Infinity":328,"b:887:33:887:Infinity:888:34:888:Infinity":117,"f:894:34:894:49":134,"s:895:48:895:Infinity":329,"f:895:71:895:79":135,"s:895:88:895:98":330,"s:896:36:896:Infinity":331,"b:898:117:898:123:898:123:898:125":118,"f:908:26:908:41":136,"s:909:52:909:Infinity":332,"f:909:68:909:75":137,"s:909:80:909:114":333,"s:910:44:910:Infinity":334,"s:911:47:911:Infinity":335,"f:911:63:911:68":138,"s:911:73:911:91":336,"b:912:28:912:Infinity:undefined:undefined:undefined:undefined":119,"s:912:28:912:Infinity":337,"s:912:44:912:Infinity":338,"f:914:52:914:59":139,"s:914:64:914:144":339,"b:914:64:914:102:914:102:914:144":120,"b:915:417:915:423:915:423:915:425":121,"f:915:308:915:315":140,"s:915:320:915:400":340,"b:915:320:915:358:915:358:915:400":122,"b:928:43:928:69:928:69:928:142":123,"f:928:144:928:149":141,"s:929:47:929:Infinity":341,"s:930:47:930:Infinity":342,"s:931:28:1092:Infinity":343,"b:935:72:935:100:935:100:935:Infinity":124,"f:949:34:949:49":142,"s:949:49:953:Infinity":344,"f:949:49:949:68":143,"s:950:49:950:Infinity":345,"s:951:36:951:Infinity":346,"b:951:59:951:85:951:85:951:Infinity":125,"s:952:36:952:Infinity":347,"b:955:119:955:137:955:137:955:153":126,"b:961:37:961:67:961:67:961:69":127,"b:961:120:961:126:961:126:961:Infinity":128,"b:961:79:961:109:961:109:961:116":129,"f:965:36:965:46":144,"s:966:38:966:Infinity":348,"s:967:54:967:Infinity":349,"b:967:61:967:87:967:87:967:119":130,"s:968:38:968:Infinity":350,"s:969:38:969:Infinity":351,"b:979:33:979:Infinity:980:34:1092:Infinity":131,"b:981:38:981:Infinity:982:38:984:Infinity":132,"b:981:38:981:60:981:60:981:64":133,"f:986:44:986:Infinity":145,"s:987:55:987:Infinity":352,"b:987:55:987:77:987:77:987:Infinity":134,"s:988:51:988:Infinity":353,"s:989:54:989:Infinity":354,"s:990:54:990:Infinity":355,"b:990:64:990:75:990:75:990:Infinity":135,"s:991:53:991:Infinity":356,"s:992:38:1060:Infinity":357,"f:994:51:994:56":146,"s:995:44:1040:Infinity":358,"f:995:260:995:274":147,"s:995:281:995:342":359,"f:995:345:995:359":148,"s:995:366:995:416":360,"f:1000:48:1000:58":149,"s:1001:66:1001:Infinity":361,"b:1001:73:1001:99:1001:99:1001:174":136,"s:1002:62:1002:Infinity":362,"b:1003:50:1003:Infinity:undefined:undefined:undefined:undefined":137,"s:1003:50:1003:Infinity":363,"s:1003:60:1003:Infinity":364,"s:1004:70:1004:Infinity":365,"s:1005:50:1005:Infinity":366,"s:1006:50:1006:Infinity":367,"s:1007:50:1007:Infinity":368,"f:1009:48:1009:61":150,"s:1009:66:1009:Infinity":369,"f:1010:48:1010:59":151,"b:1010:66:1010:109:undefined:undefined:undefined:undefined":138,"s:1010:66:1010:109":370,"s:1010:89:1010:109":371,"f:1023:48:1023:57":152,"s:1023:64:1023:117":372,"f:1024:48:1024:56":153,"s:1024:63:1024:114":373,"f:1028:48:1028:63":154,"s:1029:66:1029:Infinity":374,"b:1029:73:1029:99:1029:99:1029:174":139,"s:1030:62:1030:Infinity":375,"b:1031:50:1031:Infinity:undefined:undefined:undefined:undefined":140,"s:1031:50:1031:Infinity":376,"s:1031:60:1031:Infinity":377,"s:1032:50:1032:Infinity":378,"f:1032:105:1032:113":155,"s:1032:122:1032:133":379,"s:1033:50:1033:Infinity":380,"b:1042:43:1042:55:1042:55:1042:Infinity:1043:44:1049:Infinity":141,"f:1045:46:1045:61":156,"s:1045:61:1045:Infinity":381,"f:1045:61:1045:80":157,"s:1045:88:1045:117":382,"b:1048:85:1048:91:1048:91:1048:Infinity":142,"b:1051:43:1051:54:1051:54:1051:Infinity:1052:44:1058:Infinity":143,"f:1054:46:1054:61":158,"s:1054:61:1054:Infinity":383,"f:1054:61:1054:80":159,"s:1054:100:1054:115":384,"s:1054:115:1054:137":385,"s:1054:137:1054:147":386,"b:1069:47:1069:79:1069:79:1069:Infinity":144,"f:1070:40:1070:50":160,"s:1070:55:1070:Infinity":387,"f:1070:55:1070:75":161,"s:1070:84:1070:126":388,"f:1071:40:1071:53":162,"s:1071:58:1071:Infinity":389,"f:1072:40:1072:51":163,"b:1073:42:1085:Infinity:1083:49:1085:Infinity":145,"s:1073:42:1085:Infinity":390,"s:1074:44:1074:Infinity":391,"s:1075:57:1075:Infinity":392,"b:1076:44:1076:Infinity:undefined:undefined:undefined:undefined":146,"s:1076:44:1076:Infinity":393,"s:1076:55:1076:Infinity":394,"s:1077:60:1077:Infinity":395,"b:1077:67:1077:93:1077:93:1077:168":147,"s:1078:56:1078:Infinity":396,"b:1079:44:1079:Infinity:undefined:undefined:undefined:undefined":148,"s:1079:44:1079:Infinity":397,"s:1079:54:1079:Infinity":398,"s:1080:44:1080:Infinity":399,"s:1081:44:1081:Infinity":400,"s:1082:44:1082:Infinity":401,"f:1082:44:1082:64":164,"s:1082:73:1082:103":402,"b:1083:49:1085:Infinity:undefined:undefined:undefined:undefined":149,"s:1083:49:1085:Infinity":403,"s:1084:44:1084:Infinity":404,"f:1084:44:1084:64":165,"s:1084:73:1084:103":405,"b:1100:37:1100:61:1100:61:1100:Infinity":150,"f:1101:30:1101:40":166,"s:1101:45:1101:Infinity":406,"f:1101:45:1101:64":167,"s:1101:73:1101:108":407,"f:1102:30:1102:43":168,"s:1102:48:1102:Infinity":408,"f:1103:30:1103:41":169,"b:1104:32:1117:Infinity:1115:39:1117:Infinity":151,"s:1104:32:1117:Infinity":409,"s:1105:46:1105:Infinity":410,"b:1106:34:1106:Infinity:undefined:undefined:undefined:undefined":152,"s:1106:34:1106:Infinity":411,"s:1106:52:1106:Infinity":412,"s:1107:46:1107:Infinity":413,"s:1108:50:1108:Infinity":414,"b:1108:57:1108:83:1108:83:1108:115":153,"b:1109:34:1113:Infinity:undefined:undefined:undefined:undefined":154,"s:1109:34:1113:Infinity":415,"s:1110:36:1110:Infinity":416,"s:1111:36:1111:Infinity":417,"s:1112:36:1112:Infinity":418,"f:1112:36:1112:55":170,"s:1112:63:1112:85":419,"s:1114:34:1114:Infinity":420,"f:1114:34:1114:53":171,"s:1114:62:1114:85":421,"b:1115:39:1117:Infinity:undefined:undefined:undefined:undefined":155,"s:1115:39:1117:Infinity":422,"s:1116:34:1116:Infinity":423,"f:1116:34:1116:53":172,"s:1116:62:1116:85":424,"f:1119:30:1119:44":173,"s:1120:44:1120:Infinity":425,"b:1121:32:1129:Infinity:undefined:undefined:undefined:undefined":156,"s:1121:32:1129:Infinity":426,"s:1122:46:1122:Infinity":427,"s:1123:50:1123:Infinity":428,"b:1123:57:1123:83:1123:83:1123:115":157,"b:1124:34:1128:Infinity:undefined:undefined:undefined:undefined":158,"s:1124:34:1128:Infinity":429,"s:1125:36:1125:Infinity":430,"s:1126:36:1126:Infinity":431,"s:1127:36:1127:Infinity":432,"f:1127:36:1127:55":174,"s:1127:63:1127:85":433,"s:1130:32:1130:Infinity":434,"f:1130:32:1130:51":175,"s:1130:60:1130:83":435,"f:1145:26:1145:37":176,"s:1146:42:1146:Infinity":436,"s:1147:28:1151:Infinity":437,"f:1147:28:1147:44":177,"s:1148:43:1148:Infinity":438,"s:1149:30:1149:Infinity":439,"b:1149:37:1149:53:1149:53:1149:Infinity":159,"s:1150:30:1150:Infinity":440,"b:1155:123:1155:141:1155:141:1155:157":160,"b:1167:41:1167:78:1167:78:1167:Infinity":161,"f:1168:34:1168:44":178,"s:1168:49:1168:Infinity":441,"f:1169:34:1169:47":179,"s:1169:52:1169:Infinity":442,"b:1185:41:1185:79:1185:79:1185:Infinity":162,"f:1186:34:1186:44":180,"s:1186:49:1186:Infinity":443,"f:1187:34:1187:47":181,"s:1187:52:1187:Infinity":444,"b:1202:19:1202:49:1202:49:1202:Infinity:1203:20:1214:Infinity":163,"b:1210:33:1210:65:1210:65:1210:Infinity":164,"f:1211:26:1211:36":182,"s:1211:41:1211:Infinity":445,"b:1216:19:1216:57:1216:57:1216:Infinity:1217:20:1228:Infinity":165,"b:1224:33:1224:57:1224:57:1224:Infinity":166,"f:1225:26:1225:36":183,"s:1225:41:1225:Infinity":446,"b:1230:19:1230:51:1230:51:1230:Infinity:1231:20:1258:Infinity":167,"b:1239:35:1239:67:1239:67:1239:Infinity":168,"f:1240:28:1240:38":184,"s:1240:43:1240:Infinity":447,"b:1250:35:1250:71:1250:71:1250:Infinity":169,"f:1251:28:1251:38":185,"s:1252:40:1252:Infinity":448,"s:1253:30:1253:Infinity":449,"b:1253:86:1253:98:1253:98:1253:108":170,"b:1265:15:1265:Infinity:1266:16:1270:Infinity":171,"f:1276:19:1276:26":186,"s:1276:31:1276:64":450,"f:1276:41:1276:46":187,"s:1276:51:1276:63":451,"f:1277:19:1277:23":188,"s:1277:29:1281:20":452,"b:1279:27:1279:47:1279:47:1279:Infinity":172,"b:1280:49:1280:91:1280:91:1280:Infinity":173,"f:1285:43:1285:49":189,"s:1285:54:1285:86":453,"f:1285:63:1285:68":190,"s:1285:73:1285:85":454,"f:1304:26:1304:31":191,"s:1305:14:1404:Infinity":455,"f:1309:16:1309:30":192,"s:1309:36:1309:Infinity":456,"f:1310:16:1310:30":193,"s:1310:36:1310:Infinity":457,"f:1311:16:1311:28":194,"s:1311:34:1311:Infinity":458,"b:1321:51:1321:63:1321:63:1321:Infinity":174,"f:1334:22:1334:32":195,"s:1334:37:1334:Infinity":459,"f:1337:25:1337:32":196,"s:1337:37:1337:131":460,"b:1337:37:1337:68:1337:68:1337:93:1337:93:1337:131":175,"f:1338:25:1338:31":197,"s:1338:40:1338:64":461,"f:1339:25:1339:29":198,"s:1339:35:1339:64":462,"b:1343:19:1343:Infinity:1344:20:1359:Infinity":176,"f:1347:22:1347:42":199,"s:1347:42:1347:Infinity":463,"f:1348:22:1348:42":200,"s:1348:42:1348:Infinity":464,"f:1354:24:1354:34":201,"s:1354:39:1354:Infinity":465,"b:1362:19:1362:46:1362:46:1362:Infinity:1363:20:1390:Infinity":177,"f:1366:54:1366:58":202,"s:1367:41:1367:Infinity":466,"s:1368:26:1386:Infinity":467,"f:1372:30:1372:45":203,"s:1372:45:1372:Infinity":468,"b:1376:62:1376:81:1376:81:1376:Infinity":178,"b:1377:53:1377:72:1377:72:1377:Infinity":179,"b:1378:48:1378:57:1378:57:1378:Infinity":180,"f:1397:20:1397:35":204,"s:1397:35:1397:Infinity":469,"b:1407:13:1407:Infinity:1408:14:1412:Infinity":181,"f:1417:38:1417:45":205,"s:1417:50:1417:123":470,"b:1417:50:1417:80:1417:80:1417:123":182,"f:1417:94:1417:99":206,"s:1417:104:1417:122":471,"b:1424:111:1424:117:1424:117:1424:Infinity":183,"f:1424:39:1424:46":207,"s:1424:51:1424:94":472,"f:1424:65:1424:70":208,"s:1424:75:1424:93":473,"f:1426:12:1426:26":209,"s:1427:14:1427:Infinity":474,"s:1428:14:1428:Infinity":475,"f:1430:12:1430:26":210,"s:1431:14:1431:Infinity":476,"s:1432:14:1432:Infinity":477,"f:1444:12:1444:27":211,"s:1444:27:1444:Infinity":478,"b:1445:27:1445:129:1445:129:1445:Infinity":184,"b:1448:14:1449:Infinity:1449:16:1452:Infinity":185,"b:1450:14:1452:Infinity:1452:14:1452:Infinity":186,"b:1458:7:1458:20:1458:20:1459:Infinity":187},"fnNames":{}}}
}
